2025-05-08 15:29:10,207 - DataCollector - INFO - ✅ Datos obtenidos correctamente.
2025-05-08 15:30:59,602 - DataCollector - INFO - ✅ Datos obtenidos correctamente.
2025-05-08 15:32:07,003 - DataCollector - INFO - ✅ Datos obtenidos correctamente.
2025-05-08 15:40:07,492 - DataCollector - INFO - ✅ Datos obtenidos correctamente.
2025-05-08 15:40:26,091 - DataCollector - INFO - ✅ Datos obtenidos correctamente.
2025-05-08 15:44:21,505 - DataCollector - INFO - ✅ Datos obtenidos correctamente.
2025-05-08 15:44:21,524 - DataCollector - INFO - ✅ Datos guardados en la base de datos
2025-05-08 15:44:21,527 - DataCollector - INFO - ✅ Datos guardados en CSV
2025-05-08 16:04:58,343 - DataCollector - INFO - ✅ Datos obtenidos correctamente.
2025-05-08 16:04:58,353 - DataCollector - INFO - ✅ Datos guardados en la base de datos
2025-05-08 16:04:58,354 - DataCollector - INFO - ✅ Datos guardados correctamente en CSV
2025-05-09 21:09:47,362 - DataCollector - INFO - ✅ Datos obtenidos correctamente.
2025-05-09 21:09:47,452 - DataCollector - INFO - ✅ Datos guardados en la base de datos
2025-05-09 21:09:47,479 - DataCollector - INFO - ✅ Datos guardados correctamente en CSV
2025-05-09 21:13:23,890 - DataCollector - INFO - ✅ Datos obtenidos correctamente.
2025-05-09 21:13:23,989 - DataCollector - INFO - ✅ Datos guardados en la base de datos
2025-05-09 21:13:24,023 - DataCollector - INFO - ✅ Datos guardados correctamente en CSV
2025-05-09 21:17:13,822 - DataCollector - INFO - ✅ Datos obtenidos correctamente.
2025-05-09 21:17:14,017 - DataCollector - INFO - ✅ Datos guardados en la base de datos
2025-05-09 21:17:14,043 - DataCollector - INFO - ✅ Datos guardados correctamente en CSV
2025-05-09 21:20:08,997 - DataCollector - INFO - ✅ Datos obtenidos correctamente.
2025-05-09 21:20:09,160 - DataCollector - INFO - ✅ Datos guardados en la base de datos
2025-05-09 21:20:09,194 - DataCollector - INFO - ✅ Datos guardados correctamente en CSV
2025-05-09 21:24:01,489 - DataCollector - INFO - ✅ Datos obtenidos correctamente.
2025-05-09 21:59:36,503 - DataCollector - INFO - ✅ Datos obtenidos correctamente.
2025-05-09 22:01:33,299 - DataCollector - INFO - ✅ Datos obtenidos correctamente.
2025-05-09 22:04:48,934 - DataCollector - INFO - ✅ Datos obtenidos correctamente.
2025-05-09 22:04:49,267 - DataCollector - INFO - ✅ Datos guardados en la base de datos
2025-05-09 22:04:49,299 - DataCollector - INFO - ✅ Datos guardados correctamente en CSV
2025-05-09 22:10:48,899 - DataCollector - INFO - ✅ Datos obtenidos correctamente.
2025-05-09 22:10:49,307 - DataCollector - INFO - ✅ Datos guardados en la base de datos
2025-05-09 22:10:49,347 - DataCollector - INFO - ✅ Datos guardados correctamente en CSV
2025-05-09 22:24:39,244 - DataCollector - INFO - ✅ Datos obtenidos correctamente.
2025-05-09 22:24:39,398 - DataCollector - INFO - ✅ 1825 registros guardados en la base de datos
2025-05-09 22:24:39,443 - DataCollector - INFO - 📌 Reporte generado en h:\Mi unidad\Backup\IUD_9no_sem\Proyecto 5\P_integrador_5\src\proyecto\docs\reporte_entrega1.pdf
2025-05-09 22:28:03,805 - DataCollector - INFO - ✅ Datos obtenidos correctamente.
2025-05-09 22:28:04,189 - DataCollector - INFO - ✅ Datos guardados en la base de datos
2025-05-09 22:28:04,233 - DataCollector - INFO - ✅ Datos guardados correctamente en CSV
2025-05-09 22:31:02,044 - DataCollector - INFO - ✅ Datos obtenidos correctamente.
2025-05-09 22:31:02,159 - DataCollector - INFO - ✅ 1825 registros guardados en la base de datos
2025-05-09 22:31:02,211 - DataCollector - INFO - 📌 Reporte generado correctamente en h:\Mi unidad\Backup\IUD_9no_sem\Proyecto 5\P_integrador_5\src\proyecto\docs\reporte_entrega1.pdf
2025-05-09 22:32:53,945 - DataCollector - INFO - ✅ Datos obtenidos correctamente.
2025-05-09 22:32:54,052 - DataCollector - INFO - ✅ 1825 registros guardados en la base de datos
2025-05-09 22:32:54,099 - DataCollector - INFO - 📌 Reporte generado correctamente en h:\Mi unidad\Backup\IUD_9no_sem\Proyecto 5\P_integrador_5\src\proyecto\docs\reporte_entrega1.pdf
2025-05-09 22:32:54,142 - DataCollector - INFO - ✅ 1825 registros guardados en CSV
2025-05-09 22:33:24,275 - DataCollector - INFO - ✅ Datos obtenidos correctamente.
2025-05-09 22:33:24,327 - DataCollector - INFO - ✅ 1825 registros guardados en la base de datos
2025-05-09 22:33:24,368 - DataCollector - INFO - 📌 Reporte generado correctamente en h:\Mi unidad\Backup\IUD_9no_sem\Proyecto 5\P_integrador_5\src\proyecto\docs\reporte_entrega1.pdf
2025-05-09 22:33:24,409 - DataCollector - INFO - ✅ 1825 registros guardados en CSV
2025-05-09 22:33:39,631 - DataCollector - INFO - ✅ Datos obtenidos correctamente.
2025-05-09 22:33:40,012 - DataCollector - INFO - ✅ Datos guardados en la base de datos
2025-05-09 22:33:40,063 - DataCollector - INFO - ✅ Datos guardados correctamente en CSV
2025-05-09 22:39:46,800 - DataCollector - INFO - ✅ Datos obtenidos correctamente.
2025-05-09 22:39:46,958 - DataCollector - INFO - ✅ 1825 registros guardados en la base de datos
2025-05-09 22:39:47,008 - DataCollector - INFO - 📌 Reporte generado correctamente en h:\Mi unidad\Backup\IUD_9no_sem\Proyecto 5\P_integrador_5\src\proyecto\docs\reporte_entrega1.pdf
2025-05-09 22:40:12,649 - DataCollector - INFO - ✅ Datos obtenidos correctamente.
2025-05-09 22:40:12,755 - DataCollector - INFO - ✅ 1825 registros guardados en la base de datos
2025-05-09 22:40:12,805 - DataCollector - INFO - 📌 Reporte generado correctamente en h:\Mi unidad\Backup\IUD_9no_sem\Proyecto 5\P_integrador_5\src\proyecto\docs\reporte_entrega1.pdf
2025-05-09 22:46:20,717 - DataCollector - INFO - ✅ Datos obtenidos correctamente.
2025-05-09 22:46:20,911 - DataCollector - INFO - ✅ 1825 registros guardados en la base de datos
2025-05-09 22:46:20,980 - DataCollector - INFO - 📌 Reporte generado correctamente
2025-05-09 22:49:54,711 - DataCollector - INFO - ✅ Datos obtenidos correctamente.
2025-05-09 22:52:36,918 - DataCollector - INFO - ✅ Datos obtenidos correctamente.
2025-05-09 22:55:33,217 - DataCollector - INFO - ✅ Datos obtenidos correctamente.
2025-05-09 22:59:21,477 - DataCollector - INFO - ✅ Datos obtenidos correctamente.
2025-05-09 22:59:21,725 - DataCollector - INFO - ✅ Datos guardados correctamente en CSV
2025-05-09 23:12:16,999 - DataCollector - INFO - ✅ Datos obtenidos correctamente.
2025-05-09 23:15:16,885 - DataCollector - INFO - ✅ Datos obtenidos correctamente.
2025-05-09 23:15:17,161 - DataCollector - INFO - ✅ Datos guardados correctamente en CSV
2025-05-09 23:27:06,165 - DataCollector - INFO - ✅ Datos obtenidos correctamente.
2025-05-09 23:27:06,604 - DataCollector - INFO - ✅ Datos guardados en la base de datos
2025-05-09 23:27:06,658 - DataCollector - INFO - ✅ Datos guardados correctamente en CSV
2025-05-09 23:27:06,686 - DataCollector - ERROR - ⚠ Error al generar el reporte PDF: time data 'May 10, 2025' does not match format '%Y-%m-%d'
2025-05-09 23:30:11,347 - DataCollector - INFO - ✅ Datos obtenidos correctamente.
2025-05-09 23:30:11,716 - DataCollector - INFO - ✅ Datos guardados en la base de datos
2025-05-09 23:30:11,765 - DataCollector - INFO - ✅ Datos guardados correctamente en CSV
2025-05-09 23:30:11,774 - DataCollector - ERROR - ⚠ Error al generar el reporte PDF: time data 'May 10, 2025' does not match format '%Y-%m-%d'
2025-05-09 23:33:26,678 - DataCollector - INFO - ✅ Datos obtenidos correctamente.
2025-05-09 23:33:27,159 - DataCollector - INFO - ✅ Datos guardados en la base de datos
2025-05-09 23:33:27,198 - DataCollector - INFO - ✅ Datos guardados correctamente en CSV
2025-05-09 23:33:27,207 - DataCollector - ERROR - ⚠ Error al generar el reporte PDF: time data 'May 10, 2025' does not match format '%Y-%m-%d'
2025-05-09 23:36:14,976 - DataCollector - INFO - ✅ Datos obtenidos correctamente.
2025-05-09 23:36:15,462 - DataCollector - INFO - ✅ Datos guardados en la base de datos
2025-05-09 23:36:15,498 - DataCollector - INFO - ✅ Datos guardados correctamente en CSV
2025-05-09 23:36:15,506 - DataCollector - ERROR - ⚠ Error al generar el reporte PDF: time data 'May 10, 2025' does not match format '%Y-%m-%d'
2025-05-09 23:39:14,875 - DataCollector - INFO - ✅ Datos obtenidos correctamente.
2025-05-09 23:39:15,306 - DataCollector - INFO - ✅ Datos guardados en la base de datos
2025-05-09 23:39:15,341 - DataCollector - INFO - ✅ Datos guardados correctamente en CSV
2025-05-09 23:39:15,350 - DataCollector - ERROR - ⚠ Error al generar el reporte PDF: time data 'May 10, 2025' does not match format '%Y-%m-%d'
2025-05-09 23:42:22,584 - DataCollector - INFO - ✅ Datos obtenidos correctamente.
2025-05-09 23:42:23,104 - DataCollector - INFO - ✅ Datos guardados en la base de datos
2025-05-09 23:42:23,141 - DataCollector - INFO - ✅ Datos guardados correctamente en CSV
2025-05-09 23:42:23,152 - DataCollector - ERROR - ⚠ Error al generar el reporte PDF: time data 'May 10, 2025' does not match format '%Y-%m-%d'
2025-05-09 23:45:21,082 - DataCollector - INFO - ✅ Datos obtenidos correctamente.
2025-05-09 23:45:21,465 - DataCollector - INFO - ✅ Datos guardados en la base de datos
2025-05-09 23:45:21,517 - DataCollector - INFO - ✅ Datos guardados correctamente en CSV
2025-05-09 23:45:21,529 - DataCollector - ERROR - ⚠ Error al generar el reporte PDF: time data 'May 10, 2025' does not match format '%Y-%m-%d'
2025-05-09 23:45:46,854 - DataCollector - INFO - ✅ Datos obtenidos correctamente.
2025-05-09 23:45:47,238 - DataCollector - INFO - ✅ Datos guardados en la base de datos
2025-05-09 23:45:47,295 - DataCollector - INFO - ✅ Datos guardados correctamente en CSV
2025-05-09 23:45:47,305 - DataCollector - ERROR - ⚠ Error al generar el reporte PDF: time data 'May 10, 2025' does not match format '%Y-%m-%d'
2025-05-09 23:52:49,055 - DataCollector - INFO - ✅ Datos obtenidos correctamente.
2025-05-09 23:52:49,426 - DataCollector - INFO - ✅ Datos guardados en la base de datos
2025-05-09 23:52:49,462 - DataCollector - INFO - ✅ Datos guardados correctamente en CSV
2025-05-09 23:54:35,481 - DataCollector - INFO - ✅ Datos obtenidos correctamente.
2025-05-09 23:54:35,737 - DataCollector - INFO - ✅ Datos guardados en la base de datos
2025-05-09 23:54:35,767 - DataCollector - INFO - ✅ Datos guardados correctamente en CSV
2025-05-11 10:47:11,091 - DataCollector - INFO - ✅ Datos obtenidos correctamente.
2025-05-11 10:47:11,435 - DataCollector - INFO - ✅ Datos guardados en la base de datos
2025-05-11 10:47:11,454 - DataCollector - INFO - ✅ Datos guardados correctamente en CSV
2025-05-11 10:54:35,068 - DataCollector - INFO - ✅ Datos obtenidos correctamente.
2025-05-11 10:54:35,430 - DataCollector - INFO - ✅ Datos guardados en la base de datos
2025-05-11 10:54:35,464 - DataCollector - INFO - ✅ Datos guardados correctamente en CSV
2025-05-11 10:56:58,052 - DataCollector - INFO - ✅ Datos obtenidos correctamente.
2025-05-11 10:56:58,425 - DataCollector - INFO - ✅ Datos guardados en la base de datos
2025-05-11 10:56:58,460 - DataCollector - INFO - ✅ Datos guardados correctamente en CSV
2025-05-11 11:03:58,828 - DataCollector - INFO - ✅ Datos obtenidos correctamente.
2025-05-11 11:03:59,171 - DataCollector - INFO - ✅ Datos guardados y actualizados en la base de datos
2025-05-11 11:03:59,185 - DataCollector - INFO - ✅ Datos guardados correctamente en CSV
2025-05-11 11:06:20,293 - DataCollector - INFO - ✅ Datos obtenidos correctamente.
2025-05-11 11:06:23,360 - DataCollector - INFO - ✅ Datos guardados y actualizados en la base de datos
2025-05-11 11:06:23,385 - DataCollector - INFO - ✅ Datos guardados correctamente en CSV
2025-05-11 15:22:03,445 - DataCollector - INFO - ✅ Datos obtenidos correctamente.
2025-05-11 15:22:10,181 - DataCollector - INFO - ✅ Datos guardados y actualizados en la base de datos
2025-05-11 15:22:10,231 - DataCollector - INFO - ✅ Datos guardados correctamente en CSV
2025-05-11 15:27:48,730 - DataCollector - INFO - ✅ Datos obtenidos correctamente.
2025-05-11 15:27:49,234 - DataCollector - INFO - ✅ Base de datos actualizada correctamente
2025-05-11 15:27:49,271 - DataCollector - INFO - ✅ Datos guardados correctamente en CSV
2025-05-12 00:38:09,249 - DataCollector - INFO - ✅ Datos obtenidos correctamente.
2025-05-12 00:38:09,264 - DataCollector - INFO - ✅ Base de datos actualizada correctamente
2025-05-12 00:38:09,268 - DataCollector - INFO - ✅ Datos guardados correctamente en CSV
2025-05-12 00:39:02,337 - DataCollector - INFO - ✅ Datos obtenidos correctamente.
2025-05-12 00:39:02,352 - DataCollector - INFO - ✅ Base de datos actualizada correctamente
2025-05-12 00:39:02,360 - DataCollector - INFO - ✅ Datos guardados correctamente en CSV
2025-05-12 00:42:54,542 - DataCollector - INFO - ✅ Datos obtenidos correctamente.
2025-05-12 00:42:54,558 - DataCollector - INFO - ✅ Base de datos actualizada correctamente
2025-05-12 00:42:54,562 - DataCollector - INFO - ✅ Datos guardados correctamente en CSV
2025-05-13 01:20:59,291 - DataCollector - INFO - ✅ Datos obtenidos correctamente.
2025-05-13 01:20:59,307 - DataCollector - INFO - ✅ Base de datos actualizada correctamente
2025-05-13 01:20:59,311 - DataCollector - INFO - ✅ Datos guardados correctamente en CSV
2025-05-14 01:19:42,441 - DataCollector - INFO - ✅ Datos obtenidos correctamente.
2025-05-14 01:19:42,456 - DataCollector - INFO - ✅ Base de datos actualizada correctamente
2025-05-14 01:19:42,460 - DataCollector - INFO - ✅ Datos guardados correctamente en CSV
2025-05-15 01:17:49,557 - DataCollector - INFO - ✅ Datos obtenidos correctamente.
2025-05-15 01:17:49,570 - DataCollector - INFO - ✅ Base de datos actualizada correctamente
2025-05-15 01:17:49,574 - DataCollector - INFO - ✅ Datos guardados correctamente en CSV
2025-05-16 01:20:45,840 - DataCollector - INFO - ✅ Datos obtenidos correctamente.
2025-05-16 01:20:45,855 - DataCollector - INFO - ✅ Base de datos actualizada correctamente
2025-05-16 01:20:45,859 - DataCollector - INFO - ✅ Datos guardados correctamente en CSV
2025-05-17 01:18:53,594 - DataCollector - INFO - ✅ Datos obtenidos correctamente.
2025-05-17 01:18:53,608 - DataCollector - INFO - ✅ Base de datos actualizada correctamente
2025-05-17 01:18:53,612 - DataCollector - INFO - ✅ Datos guardados correctamente en CSV
2025-05-18 01:25:42,746 - DataCollector - INFO - ✅ Datos obtenidos correctamente.
2025-05-18 01:25:42,762 - DataCollector - INFO - ✅ Base de datos actualizada correctamente
2025-05-18 01:25:42,766 - DataCollector - INFO - ✅ Datos guardados correctamente en CSV
2025-05-19 01:24:01,078 - DataCollector - INFO - ✅ Datos obtenidos correctamente.
2025-05-19 01:24:01,093 - DataCollector - INFO - ✅ Base de datos actualizada correctamente
2025-05-19 01:24:01,101 - DataCollector - INFO - ✅ Datos guardados correctamente en CSV
2025-05-20 01:21:47,469 - DataCollector - INFO - ✅ Datos obtenidos correctamente.
2025-05-20 01:21:47,483 - DataCollector - INFO - ✅ Base de datos actualizada correctamente
2025-05-20 01:21:47,487 - DataCollector - INFO - ✅ Datos guardados correctamente en CSV
2025-05-21 01:21:21,801 - DataCollector - INFO - ✅ Datos obtenidos correctamente.
2025-05-21 01:21:21,816 - DataCollector - INFO - ✅ Base de datos actualizada correctamente
2025-05-21 01:21:21,824 - DataCollector - INFO - ✅ Datos guardados correctamente en CSV
2025-05-22 01:20:28,800 - DataCollector - INFO - ✅ Datos obtenidos correctamente.
2025-05-22 01:20:28,814 - DataCollector - INFO - ✅ Base de datos actualizada correctamente
2025-05-22 01:20:28,821 - DataCollector - INFO - ✅ Datos guardados correctamente en CSV
2025-05-23 01:20:44,515 - DataCollector - INFO - ✅ Datos obtenidos correctamente.
2025-05-23 01:20:44,532 - DataCollector - INFO - ✅ Base de datos actualizada correctamente
2025-05-23 01:20:44,536 - DataCollector - INFO - ✅ Datos guardados correctamente en CSV
2025-05-24 01:17:46,437 - DataCollector - INFO - ✅ Datos obtenidos correctamente.
2025-05-24 01:17:46,453 - DataCollector - INFO - ✅ Base de datos actualizada correctamente
2025-05-24 01:17:46,460 - DataCollector - INFO - ✅ Datos guardados correctamente en CSV
2025-05-25 01:27:32,652 - DataCollector - INFO - ✅ Datos obtenidos correctamente.
2025-05-25 01:27:32,666 - DataCollector - INFO - ✅ Base de datos actualizada correctamente
2025-05-25 01:27:32,670 - DataCollector - INFO - ✅ Datos guardados correctamente en CSV
2025-05-26 01:22:47,050 - DataCollector - INFO - ✅ Datos obtenidos correctamente.
2025-05-26 01:22:47,064 - DataCollector - INFO - ✅ Base de datos actualizada correctamente
2025-05-26 01:22:47,068 - DataCollector - INFO - ✅ Datos guardados correctamente en CSV
2025-05-27 01:19:55,335 - DataCollector - INFO - ✅ Datos obtenidos correctamente.
2025-05-27 01:19:55,350 - DataCollector - INFO - ✅ Base de datos actualizada correctamente
2025-05-27 01:19:55,354 - DataCollector - INFO - ✅ Datos guardados correctamente en CSV
2025-05-28 01:21:33,412 - DataCollector - INFO - ✅ Datos obtenidos correctamente.
2025-05-28 01:21:33,427 - DataCollector - INFO - ✅ Base de datos actualizada correctamente
2025-05-28 01:21:33,432 - DataCollector - INFO - ✅ Datos guardados correctamente en CSV
2025-05-29 01:21:12,353 - DataCollector - INFO - ✅ Datos obtenidos correctamente.
2025-05-29 01:21:12,368 - DataCollector - INFO - ✅ Base de datos actualizada correctamente
2025-05-29 01:21:12,375 - DataCollector - INFO - ✅ Datos guardados correctamente en CSV
2025-05-30 01:19:07,440 - DataCollector - INFO - ✅ Datos obtenidos correctamente.
2025-05-30 01:19:07,455 - DataCollector - INFO - ✅ Base de datos actualizada correctamente
2025-05-30 01:19:07,459 - DataCollector - INFO - ✅ Datos guardados correctamente en CSV
2025-05-31 01:19:29,547 - DataCollector - INFO - ✅ Datos obtenidos correctamente.
2025-05-31 01:19:29,560 - DataCollector - INFO - ✅ Base de datos actualizada correctamente
2025-05-31 01:19:29,564 - DataCollector - INFO - ✅ Datos guardados correctamente en CSV
2025-06-01 01:44:10,025 - DataCollector - INFO - ✅ Datos obtenidos correctamente.
2025-06-01 01:44:10,040 - DataCollector - INFO - ✅ Base de datos actualizada correctamente
2025-06-01 01:44:10,047 - DataCollector - INFO - ✅ Datos guardados correctamente en CSV
2025-06-02 01:24:36,626 - DataCollector - INFO - ✅ Datos obtenidos correctamente.
2025-06-02 01:24:36,641 - DataCollector - INFO - ✅ Base de datos actualizada correctamente
2025-06-02 01:24:36,648 - DataCollector - INFO - ✅ Datos guardados correctamente en CSV
2025-06-03 01:22:35,655 - DataCollector - INFO - ✅ Datos obtenidos correctamente.
2025-06-03 01:22:35,670 - DataCollector - INFO - ✅ Base de datos actualizada correctamente
2025-06-03 01:22:35,677 - DataCollector - INFO - ✅ Datos guardados correctamente en CSV
2025-06-04 01:22:23,003 - DataCollector - INFO - ✅ Datos obtenidos correctamente.
2025-06-04 01:22:23,018 - DataCollector - INFO - ✅ Base de datos actualizada correctamente
2025-06-04 01:22:23,026 - DataCollector - INFO - ✅ Datos guardados correctamente en CSV
2025-06-05 01:21:29,680 - DataCollector - INFO - ✅ Datos obtenidos correctamente.
2025-06-05 01:21:29,695 - DataCollector - INFO - ✅ Base de datos actualizada correctamente
2025-06-05 01:21:29,699 - DataCollector - INFO - ✅ Datos guardados correctamente en CSV
2025-06-06 01:21:20,709 - DataCollector - INFO - ✅ Datos obtenidos correctamente.
2025-06-06 01:21:20,724 - DataCollector - INFO - ✅ Base de datos actualizada correctamente
2025-06-06 01:21:20,728 - DataCollector - INFO - ✅ Datos guardados correctamente en CSV
2025-06-07 01:20:51,882 - DataCollector - INFO - ✅ Datos obtenidos correctamente.
2025-06-07 01:20:51,897 - DataCollector - INFO - ✅ Base de datos actualizada correctamente
2025-06-07 01:20:51,902 - DataCollector - INFO - ✅ Datos guardados correctamente en CSV
2025-06-08 01:37:05,304 - DataCollector - INFO - ✅ Datos obtenidos correctamente.
2025-06-08 01:37:05,317 - DataCollector - INFO - ✅ Base de datos actualizada correctamente
2025-06-08 01:37:05,322 - DataCollector - INFO - ✅ Datos guardados correctamente en CSV
2025-06-09 01:26:08,619 - DataCollector - INFO - ✅ Datos obtenidos correctamente.
2025-06-09 01:26:08,633 - DataCollector - INFO - ✅ Base de datos actualizada correctamente
2025-06-09 01:26:08,637 - DataCollector - INFO - ✅ Datos guardados correctamente en CSV
2025-06-10 01:23:17,979 - DataCollector - INFO - ✅ Datos obtenidos correctamente.
2025-06-10 01:23:17,995 - DataCollector - INFO - ✅ Base de datos actualizada correctamente
2025-06-10 01:23:17,999 - DataCollector - INFO - ✅ Datos guardados correctamente en CSV
2025-06-11 01:23:10,537 - DataCollector - INFO - ✅ Datos obtenidos correctamente.
2025-06-11 01:23:10,554 - DataCollector - INFO - ✅ Base de datos actualizada correctamente
2025-06-11 01:23:10,562 - DataCollector - INFO - ✅ Datos guardados correctamente en CSV
2025-06-12 01:21:42,300 - DataCollector - INFO - ✅ Datos obtenidos correctamente.
2025-06-12 01:21:42,314 - DataCollector - INFO - ✅ Base de datos actualizada correctamente
2025-06-12 01:21:42,318 - DataCollector - INFO - ✅ Datos guardados correctamente en CSV
2025-06-13 01:22:57,161 - DataCollector - ERROR - ⚠ Error al obtener los datos, código: 404
2025-06-13 01:22:57,161 - DataCollector - ERROR - ⚠ No se pudieron obtener datos, el proceso se detiene.
2025-06-14 01:19:53,265 - DataCollector - INFO - ✅ Datos obtenidos correctamente.
2025-06-14 01:19:53,279 - DataCollector - INFO - ✅ Base de datos actualizada correctamente
2025-06-14 01:19:53,283 - DataCollector - INFO - ✅ Datos guardados correctamente en CSV
2025-06-15 01:38:52,354 - DataCollector - INFO - ✅ Datos obtenidos correctamente.
2025-06-15 01:38:52,369 - DataCollector - INFO - ✅ Base de datos actualizada correctamente
2025-06-15 01:38:52,373 - DataCollector - INFO - ✅ Datos guardados correctamente en CSV
2025-06-16 01:25:13,827 - DataCollector - INFO - ✅ Datos obtenidos correctamente.
2025-06-16 01:25:13,842 - DataCollector - INFO - ✅ Base de datos actualizada correctamente
2025-06-16 01:25:13,847 - DataCollector - INFO - ✅ Datos guardados correctamente en CSV
2025-06-17 01:23:16,763 - DataCollector - ERROR - ⚠ Error al obtener los datos, código: 404
2025-06-17 01:23:16,763 - DataCollector - ERROR - ⚠ No se pudieron obtener datos, el proceso se detiene.
2025-06-18 01:22:19,255 - DataCollector - ERROR - ⚠ Error al obtener los datos, código: 404
2025-06-18 01:22:19,256 - DataCollector - ERROR - ⚠ No se pudieron obtener datos, el proceso se detiene.
2025-06-19 01:23:00,007 - DataCollector - ERROR - ⚠ Error al obtener los datos, código: 404
2025-06-19 01:23:00,007 - DataCollector - ERROR - ⚠ No se pudieron obtener datos, el proceso se detiene.
2025-06-20 01:22:16,915 - DataCollector - ERROR - ⚠ Error al obtener los datos, código: 404
2025-06-20 01:22:16,915 - DataCollector - ERROR - ⚠ No se pudieron obtener datos, el proceso se detiene.
2025-06-21 01:21:34,757 - DataCollector - ERROR - ⚠ Error al obtener los datos, código: 404
2025-06-21 01:21:34,757 - DataCollector - ERROR - ⚠ No se pudieron obtener datos, el proceso se detiene.
2025-06-22 01:38:07,688 - DataCollector - ERROR - ⚠ Error al obtener los datos, código: 404
2025-06-22 01:38:07,689 - DataCollector - ERROR - ⚠ No se pudieron obtener datos, el proceso se detiene.
2025-06-23 01:27:38,115 - DataCollector - ERROR - ⚠ Error al obtener los datos, código: 404
2025-06-23 01:27:38,116 - DataCollector - ERROR - ⚠ No se pudieron obtener datos, el proceso se detiene.
2025-06-24 01:23:24,559 - DataCollector - ERROR - ⚠ Error al obtener los datos, código: 404
2025-06-24 01:23:24,560 - DataCollector - ERROR - ⚠ No se pudieron obtener datos, el proceso se detiene.
2025-06-25 01:23:54,151 - DataCollector - ERROR - ⚠ Error al obtener los datos, código: 404
2025-06-25 01:23:54,151 - DataCollector - ERROR - ⚠ No se pudieron obtener datos, el proceso se detiene.
2025-06-26 01:22:46,548 - DataCollector - ERROR - ⚠ Error al obtener los datos, código: 404
2025-06-26 01:22:46,548 - DataCollector - ERROR - ⚠ No se pudieron obtener datos, el proceso se detiene.
2025-06-27 01:23:38,541 - DataCollector - ERROR - ⚠ Error al obtener los datos, código: 404
2025-06-27 01:23:38,541 - DataCollector - ERROR - ⚠ No se pudieron obtener datos, el proceso se detiene.
2025-06-28 01:20:55,201 - DataCollector - ERROR - ⚠ Error al obtener los datos, código: 404
2025-06-28 01:20:55,201 - DataCollector - ERROR - ⚠ No se pudieron obtener datos, el proceso se detiene.
2025-06-29 01:40:04,306 - DataCollector - ERROR - ⚠ Error al obtener los datos, código: 404
2025-06-29 01:40:04,306 - DataCollector - ERROR - ⚠ No se pudieron obtener datos, el proceso se detiene.
2025-06-30 01:27:45,443 - DataCollector - ERROR - ⚠ Error al obtener los datos, código: 404
2025-06-30 01:27:45,444 - DataCollector - ERROR - ⚠ No se pudieron obtener datos, el proceso se detiene.
2025-07-01 01:41:40,970 - DataCollector - ERROR - ⚠ Error al obtener los datos, código: 404
2025-07-01 01:41:40,971 - DataCollector - ERROR - ⚠ No se pudieron obtener datos, el proceso se detiene.
2025-07-02 01:23:27,465 - DataCollector - ERROR - ⚠ Error al obtener los datos, código: 404
2025-07-02 01:23:27,465 - DataCollector - ERROR - ⚠ No se pudieron obtener datos, el proceso se detiene.
2025-07-03 01:23:30,412 - DataCollector - ERROR - ⚠ Error al obtener los datos, código: 404
2025-07-03 01:23:30,412 - DataCollector - ERROR - ⚠ No se pudieron obtener datos, el proceso se detiene.
2025-07-04 01:23:05,040 - DataCollector - ERROR - ⚠ Error al obtener los datos, código: 404
2025-07-04 01:23:05,040 - DataCollector - ERROR - ⚠ No se pudieron obtener datos, el proceso se detiene.
2025-07-05 01:20:17,999 - DataCollector - ERROR - ⚠ Error al obtener los datos, código: 404
2025-07-05 01:20:17,999 - DataCollector - ERROR - ⚠ No se pudieron obtener datos, el proceso se detiene.
2025-07-06 01:38:44,990 - DataCollector - ERROR - ⚠ Error al obtener los datos, código: 404
2025-07-06 01:38:44,990 - DataCollector - ERROR - ⚠ No se pudieron obtener datos, el proceso se detiene.
2025-07-07 01:27:48,768 - DataCollector - ERROR - ⚠ Error al obtener los datos, código: 404
2025-07-07 01:27:48,768 - DataCollector - ERROR - ⚠ No se pudieron obtener datos, el proceso se detiene.
2025-07-08 01:24:01,555 - DataCollector - ERROR - ⚠ Error al obtener los datos, código: 404
2025-07-08 01:24:01,556 - DataCollector - ERROR - ⚠ No se pudieron obtener datos, el proceso se detiene.
2025-07-09 01:24:59,138 - DataCollector - ERROR - ⚠ Error al obtener los datos, código: 404
2025-07-09 01:24:59,139 - DataCollector - ERROR - ⚠ No se pudieron obtener datos, el proceso se detiene.
2025-07-10 01:24:51,418 - DataCollector - ERROR - ⚠ Error al obtener los datos, código: 404
2025-07-10 01:24:51,418 - DataCollector - ERROR - ⚠ No se pudieron obtener datos, el proceso se detiene.
2025-07-11 01:25:55,858 - DataCollector - ERROR - ⚠ Error al obtener los datos, código: 404
2025-07-11 01:25:55,859 - DataCollector - ERROR - ⚠ No se pudieron obtener datos, el proceso se detiene.
2025-07-12 01:27:19,799 - DataCollector - ERROR - ⚠ Error al obtener los datos, código: 404
2025-07-12 01:27:19,800 - DataCollector - ERROR - ⚠ No se pudieron obtener datos, el proceso se detiene.
2025-07-13 01:42:29,331 - DataCollector - ERROR - ⚠ Error al obtener los datos, código: 404
2025-07-13 01:42:29,331 - DataCollector - ERROR - ⚠ No se pudieron obtener datos, el proceso se detiene.
2025-07-14 01:39:05,349 - DataCollector - ERROR - ⚠ Error al obtener los datos, código: 404
2025-07-14 01:39:05,350 - DataCollector - ERROR - ⚠ No se pudieron obtener datos, el proceso se detiene.
2025-07-15 01:39:09,547 - DataCollector - ERROR - ⚠ Error al obtener los datos, código: 404
2025-07-15 01:39:09,548 - DataCollector - ERROR - ⚠ No se pudieron obtener datos, el proceso se detiene.
2025-07-16 01:26:58,529 - DataCollector - ERROR - ⚠ Error al obtener los datos, código: 404
2025-07-16 01:26:58,530 - DataCollector - ERROR - ⚠ No se pudieron obtener datos, el proceso se detiene.
2025-07-17 01:27:51,516 - DataCollector - ERROR - ⚠ Error al obtener los datos, código: 404
2025-07-17 01:27:51,516 - DataCollector - ERROR - ⚠ No se pudieron obtener datos, el proceso se detiene.
2025-07-18 01:27:35,974 - DataCollector - ERROR - ⚠ Error al obtener los datos, código: 404
2025-07-18 01:27:35,974 - DataCollector - ERROR - ⚠ No se pudieron obtener datos, el proceso se detiene.
2025-07-19 01:24:51,114 - DataCollector - ERROR - ⚠ Error al obtener los datos, código: 404
2025-07-19 01:24:51,114 - DataCollector - ERROR - ⚠ No se pudieron obtener datos, el proceso se detiene.
2025-07-20 01:43:52,412 - DataCollector - ERROR - ⚠ Error al obtener los datos, código: 404
2025-07-20 01:43:52,412 - DataCollector - ERROR - ⚠ No se pudieron obtener datos, el proceso se detiene.
2025-07-21 01:42:01,489 - DataCollector - ERROR - ⚠ Error al obtener los datos, código: 404
2025-07-21 01:42:01,490 - DataCollector - ERROR - ⚠ No se pudieron obtener datos, el proceso se detiene.
2025-07-22 01:28:00,012 - DataCollector - ERROR - ⚠ Error al obtener los datos, código: 404
2025-07-22 01:28:00,012 - DataCollector - ERROR - ⚠ No se pudieron obtener datos, el proceso se detiene.
2025-07-23 01:38:02,276 - DataCollector - ERROR - ⚠ Error al obtener los datos, código: 404
2025-07-23 01:38:02,276 - DataCollector - ERROR - ⚠ No se pudieron obtener datos, el proceso se detiene.
2025-07-24 01:28:13,566 - DataCollector - ERROR - ⚠ Error al obtener los datos, código: 404
2025-07-24 01:28:13,566 - DataCollector - ERROR - ⚠ No se pudieron obtener datos, el proceso se detiene.
2025-07-25 01:27:49,040 - DataCollector - ERROR - ⚠ Error al obtener los datos, código: 404
2025-07-25 01:27:49,040 - DataCollector - ERROR - ⚠ No se pudieron obtener datos, el proceso se detiene.
2025-07-26 01:25:50,817 - DataCollector - ERROR - ⚠ Error al obtener los datos, código: 404
2025-07-26 01:25:50,817 - DataCollector - ERROR - ⚠ No se pudieron obtener datos, el proceso se detiene.
2025-07-27 01:44:41,231 - DataCollector - ERROR - ⚠ Error al obtener los datos, código: 404
2025-07-27 01:44:41,231 - DataCollector - ERROR - ⚠ No se pudieron obtener datos, el proceso se detiene.
2025-07-28 01:43:13,566 - DataCollector - ERROR - ⚠ Error al obtener los datos, código: 404
2025-07-28 01:43:13,567 - DataCollector - ERROR - ⚠ No se pudieron obtener datos, el proceso se detiene.
2025-07-29 01:48:18,855 - DataCollector - ERROR - ⚠ Error al obtener los datos, código: 404
2025-07-29 01:48:18,855 - DataCollector - ERROR - ⚠ No se pudieron obtener datos, el proceso se detiene.
2025-07-30 01:39:15,721 - DataCollector - ERROR - ⚠ Error al obtener los datos, código: 404
2025-07-30 01:39:15,721 - DataCollector - ERROR - ⚠ No se pudieron obtener datos, el proceso se detiene.
2025-07-31 01:38:35,621 - DataCollector - ERROR - ⚠ Error al obtener los datos, código: 404
2025-07-31 01:38:35,621 - DataCollector - ERROR - ⚠ No se pudieron obtener datos, el proceso se detiene.
2025-08-01 01:48:25,994 - DataCollector - ERROR - ⚠ Error al obtener los datos, código: 404
2025-08-01 01:48:25,994 - DataCollector - ERROR - ⚠ No se pudieron obtener datos, el proceso se detiene.
2025-08-02 01:25:43,921 - DataCollector - ERROR - ⚠ Error al obtener los datos, código: 404
2025-08-02 01:25:43,922 - DataCollector - ERROR - ⚠ No se pudieron obtener datos, el proceso se detiene.
2025-08-03 01:46:14,364 - DataCollector - ERROR - ⚠ Error al obtener los datos, código: 404
2025-08-03 01:46:14,364 - DataCollector - ERROR - ⚠ No se pudieron obtener datos, el proceso se detiene.
2025-08-04 01:46:24,857 - DataCollector - ERROR - ⚠ Error al obtener los datos, código: 404
2025-08-04 01:46:24,857 - DataCollector - ERROR - ⚠ No se pudieron obtener datos, el proceso se detiene.
2025-08-05 01:41:39,742 - DataCollector - ERROR - ⚠ Error al obtener los datos, código: 404
2025-08-05 01:41:39,742 - DataCollector - ERROR - ⚠ No se pudieron obtener datos, el proceso se detiene.
2025-08-06 01:40:18,413 - DataCollector - ERROR - ⚠ Error al obtener los datos, código: 404
2025-08-06 01:40:18,413 - DataCollector - ERROR - ⚠ No se pudieron obtener datos, el proceso se detiene.
2025-08-07 01:40:08,356 - DataCollector - ERROR - ⚠ Error al obtener los datos, código: 404
2025-08-07 01:40:08,356 - DataCollector - ERROR - ⚠ No se pudieron obtener datos, el proceso se detiene.
2025-08-08 01:39:40,710 - DataCollector - ERROR - ⚠ Error al obtener los datos, código: 404
2025-08-08 01:39:40,710 - DataCollector - ERROR - ⚠ No se pudieron obtener datos, el proceso se detiene.
2025-08-09 01:23:12,454 - DataCollector - ERROR - ⚠ Error al obtener los datos, código: 404
2025-08-09 01:23:12,454 - DataCollector - ERROR - ⚠ No se pudieron obtener datos, el proceso se detiene.
2025-08-10 01:43:04,207 - DataCollector - ERROR - ⚠ Error al obtener los datos, código: 404
2025-08-10 01:43:04,207 - DataCollector - ERROR - ⚠ No se pudieron obtener datos, el proceso se detiene.
2025-08-11 01:40:22,364 - DataCollector - ERROR - ⚠ Error al obtener los datos, código: 404
2025-08-11 01:40:22,364 - DataCollector - ERROR - ⚠ No se pudieron obtener datos, el proceso se detiene.
2025-08-12 01:22:11,236 - DataCollector - ERROR - ⚠ Error al obtener los datos, código: 404
2025-08-12 01:22:11,236 - DataCollector - ERROR - ⚠ No se pudieron obtener datos, el proceso se detiene.
2025-08-13 01:23:42,789 - DataCollector - ERROR - ⚠ Error al obtener los datos, código: 404
2025-08-13 01:23:42,789 - DataCollector - ERROR - ⚠ No se pudieron obtener datos, el proceso se detiene.
2025-08-14 01:23:57,551 - DataCollector - ERROR - ⚠ Error al obtener los datos, código: 404
2025-08-14 01:23:57,551 - DataCollector - ERROR - ⚠ No se pudieron obtener datos, el proceso se detiene.
2025-08-15 01:24:35,359 - DataCollector - ERROR - ⚠ Error al obtener los datos, código: 404
2025-08-15 01:24:35,360 - DataCollector - ERROR - ⚠ No se pudieron obtener datos, el proceso se detiene.
2025-08-16 01:20:26,299 - DataCollector - ERROR - ⚠ Error al obtener los datos, código: 404
2025-08-16 01:20:26,299 - DataCollector - ERROR - ⚠ No se pudieron obtener datos, el proceso se detiene.
2025-08-17 01:37:48,255 - DataCollector - ERROR - ⚠ Error al obtener los datos, código: 404
2025-08-17 01:37:48,256 - DataCollector - ERROR - ⚠ No se pudieron obtener datos, el proceso se detiene.
2025-08-18 01:38:17,886 - DataCollector - ERROR - ⚠ Error al obtener los datos, código: 404
2025-08-18 01:38:17,887 - DataCollector - ERROR - ⚠ No se pudieron obtener datos, el proceso se detiene.
2025-08-19 01:20:31,040 - DataCollector - ERROR - ⚠ Error al obtener los datos, código: 404
2025-08-19 01:20:31,041 - DataCollector - ERROR - ⚠ No se pudieron obtener datos, el proceso se detiene.
2025-08-20 01:18:37,911 - DataCollector - ERROR - ⚠ Error al obtener los datos, código: 404
2025-08-20 01:18:37,912 - DataCollector - ERROR - ⚠ No se pudieron obtener datos, el proceso se detiene.
2025-08-21 01:17:35,806 - DataCollector - ERROR - ⚠ Error al obtener los datos, código: 404
2025-08-21 01:17:35,807 - DataCollector - ERROR - ⚠ No se pudieron obtener datos, el proceso se detiene.
2025-08-22 01:18:28,917 - DataCollector - ERROR - ⚠ Error al obtener los datos, código: 404
2025-08-22 01:18:28,918 - DataCollector - ERROR - ⚠ No se pudieron obtener datos, el proceso se detiene.
2025-08-23 01:16:00,818 - DataCollector - ERROR - ⚠ Error al obtener los datos, código: 404
2025-08-23 01:16:00,819 - DataCollector - ERROR - ⚠ No se pudieron obtener datos, el proceso se detiene.
2025-08-24 01:26:42,698 - DataCollector - ERROR - ⚠ Error al obtener los datos, código: 404
2025-08-24 01:26:42,699 - DataCollector - ERROR - ⚠ No se pudieron obtener datos, el proceso se detiene.
2025-08-25 01:21:33,167 - DataCollector - ERROR - ⚠ Error al obtener los datos, código: 404
2025-08-25 01:21:33,168 - DataCollector - ERROR - ⚠ No se pudieron obtener datos, el proceso se detiene.
2025-08-26 01:19:19,800 - DataCollector - ERROR - ⚠ Error al obtener los datos, código: 404
2025-08-26 01:19:19,801 - DataCollector - ERROR - ⚠ No se pudieron obtener datos, el proceso se detiene.
2025-08-27 01:17:03,647 - DataCollector - ERROR - ⚠ Error al obtener los datos, código: 404
2025-08-27 01:17:03,648 - DataCollector - ERROR - ⚠ No se pudieron obtener datos, el proceso se detiene.
2025-08-28 01:16:26,088 - DataCollector - ERROR - ⚠ Error al obtener los datos, código: 404
2025-08-28 01:16:26,089 - DataCollector - ERROR - ⚠ No se pudieron obtener datos, el proceso se detiene.
2025-08-29 01:16:25,706 - DataCollector - ERROR - ⚠ Error al obtener los datos, código: 404
2025-08-29 01:16:25,707 - DataCollector - ERROR - ⚠ No se pudieron obtener datos, el proceso se detiene.
2025-08-30 01:12:43,397 - DataCollector - ERROR - ⚠ Error al obtener los datos, código: 404
2025-08-30 01:12:43,398 - DataCollector - ERROR - ⚠ No se pudieron obtener datos, el proceso se detiene.
2025-08-31 01:21:14,139 - DataCollector - ERROR - ⚠ Error al obtener los datos, código: 404
2025-08-31 01:21:14,140 - DataCollector - ERROR - ⚠ No se pudieron obtener datos, el proceso se detiene.
2025-09-01 01:28:10,068 - DataCollector - ERROR - ⚠ Error al obtener los datos, código: 404
2025-09-01 01:28:10,069 - DataCollector - ERROR - ⚠ No se pudieron obtener datos, el proceso se detiene.
2025-09-02 01:17:41,448 - DataCollector - ERROR - ⚠ Error al obtener los datos, código: 404
2025-09-02 01:17:41,449 - DataCollector - ERROR - ⚠ No se pudieron obtener datos, el proceso se detiene.
2025-09-03 01:13:08,012 - DataCollector - ERROR - ⚠ Error al obtener los datos, código: 404
2025-09-03 01:13:08,013 - DataCollector - ERROR - ⚠ No se pudieron obtener datos, el proceso se detiene.
2025-09-04 01:12:56,486 - DataCollector - ERROR - ⚠ Error al obtener los datos, código: 404
2025-09-04 01:12:56,487 - DataCollector - ERROR - ⚠ No se pudieron obtener datos, el proceso se detiene.
2025-09-05 01:14:37,807 - DataCollector - ERROR - ⚠ Error al obtener los datos, código: 404
2025-09-05 01:14:37,808 - DataCollector - ERROR - ⚠ No se pudieron obtener datos, el proceso se detiene.
2025-09-06 01:12:51,758 - DataCollector - ERROR - ⚠ Error al obtener los datos, código: 404
2025-09-06 01:12:51,759 - DataCollector - ERROR - ⚠ No se pudieron obtener datos, el proceso se detiene.
2025-09-07 01:19:57,629 - DataCollector - ERROR - ⚠ Error al obtener los datos, código: 404
2025-09-07 01:19:57,630 - DataCollector - ERROR - ⚠ No se pudieron obtener datos, el proceso se detiene.
2025-09-08 01:18:36,450 - DataCollector - ERROR - ⚠ Error al obtener los datos, código: 404
2025-09-08 01:18:36,451 - DataCollector - ERROR - ⚠ No se pudieron obtener datos, el proceso se detiene.
2025-09-09 01:15:55,136 - DataCollector - ERROR - ⚠ Error al obtener los datos, código: 404
2025-09-09 01:15:55,137 - DataCollector - ERROR - ⚠ No se pudieron obtener datos, el proceso se detiene.
2025-09-10 01:14:01,015 - DataCollector - ERROR - ⚠ Error al obtener los datos, código: 404
2025-09-10 01:14:01,016 - DataCollector - ERROR - ⚠ No se pudieron obtener datos, el proceso se detiene.
2025-09-11 01:15:26,671 - DataCollector - ERROR - ⚠ Error al obtener los datos, código: 404
2025-09-11 01:15:26,672 - DataCollector - ERROR - ⚠ No se pudieron obtener datos, el proceso se detiene.
2025-09-12 01:12:26,266 - DataCollector - ERROR - ⚠ Error al obtener los datos, código: 404
2025-09-12 01:12:26,267 - DataCollector - ERROR - ⚠ No se pudieron obtener datos, el proceso se detiene.
2025-09-13 01:09:39,608 - DataCollector - ERROR - ⚠ Error al obtener los datos, código: 404
2025-09-13 01:09:39,609 - DataCollector - ERROR - ⚠ No se pudieron obtener datos, el proceso se detiene.
2025-09-14 01:19:21,544 - DataCollector - ERROR - ⚠ Error al obtener los datos, código: 404
2025-09-14 01:19:21,545 - DataCollector - ERROR - ⚠ No se pudieron obtener datos, el proceso se detiene.
2025-09-15 01:19:30,154 - DataCollector - ERROR - ⚠ Error al obtener los datos, código: 404
2025-09-15 01:19:30,155 - DataCollector - ERROR - ⚠ No se pudieron obtener datos, el proceso se detiene.
2025-09-16 01:13:45,390 - DataCollector - ERROR - ⚠ Error al obtener los datos, código: 404
2025-09-16 01:13:45,391 - DataCollector - ERROR - ⚠ No se pudieron obtener datos, el proceso se detiene.
2025-09-17 01:13:26,668 - DataCollector - ERROR - ⚠ Error al obtener los datos, código: 404
2025-09-17 01:13:26,669 - DataCollector - ERROR - ⚠ No se pudieron obtener datos, el proceso se detiene.
2025-09-18 01:13:13,585 - DataCollector - ERROR - ⚠ Error al obtener los datos, código: 404
2025-09-18 01:13:13,586 - DataCollector - ERROR - ⚠ No se pudieron obtener datos, el proceso se detiene.
2025-09-19 01:15:44,837 - DataCollector - ERROR - ⚠ Error al obtener los datos, código: 404
2025-09-19 01:15:44,838 - DataCollector - ERROR - ⚠ No se pudieron obtener datos, el proceso se detiene.
2025-09-20 01:12:20,432 - DataCollector - ERROR - ⚠ Error al obtener los datos, código: 404
2025-09-20 01:12:20,433 - DataCollector - ERROR - ⚠ No se pudieron obtener datos, el proceso se detiene.
2025-09-21 01:21:21,396 - DataCollector - ERROR - ⚠ Error al obtener los datos, código: 404
2025-09-21 01:21:21,397 - DataCollector - ERROR - ⚠ No se pudieron obtener datos, el proceso se detiene.
2025-09-22 01:20:42,374 - DataCollector - ERROR - ⚠ Error al obtener los datos, código: 404
2025-09-22 01:20:42,375 - DataCollector - ERROR - ⚠ No se pudieron obtener datos, el proceso se detiene.
2025-09-23 01:14:16,392 - DataCollector - ERROR - ⚠ Error al obtener los datos, código: 404
2025-09-23 01:14:16,393 - DataCollector - ERROR - ⚠ No se pudieron obtener datos, el proceso se detiene.
2025-09-24 01:14:55,258 - DataCollector - ERROR - ⚠ Error al obtener los datos, código: 404
2025-09-24 01:14:55,259 - DataCollector - ERROR - ⚠ No se pudieron obtener datos, el proceso se detiene.
2025-09-25 01:15:26,783 - DataCollector - ERROR - ⚠ Error al obtener los datos, código: 404
2025-09-25 01:15:26,784 - DataCollector - ERROR - ⚠ No se pudieron obtener datos, el proceso se detiene.
2025-09-26 01:15:07,348 - DataCollector - ERROR - ⚠ Error al obtener los datos, código: 404
2025-09-26 01:15:07,349 - DataCollector - ERROR - ⚠ No se pudieron obtener datos, el proceso se detiene.
2025-09-27 01:12:10,325 - DataCollector - ERROR - ⚠ Error al obtener los datos, código: 404
2025-09-27 01:12:10,326 - DataCollector - ERROR - ⚠ No se pudieron obtener datos, el proceso se detiene.
2025-09-28 01:22:13,385 - DataCollector - ERROR - ⚠ Error al obtener los datos, código: 404
2025-09-28 01:22:13,386 - DataCollector - ERROR - ⚠ No se pudieron obtener datos, el proceso se detiene.
2025-09-29 01:17:00,544 - DataCollector - ERROR - ⚠ Error al obtener los datos, código: 404
2025-09-29 01:17:00,545 - DataCollector - ERROR - ⚠ No se pudieron obtener datos, el proceso se detiene.
2025-09-30 01:16:09,555 - DataCollector - ERROR - ⚠ Error al obtener los datos, código: 404
2025-09-30 01:16:09,556 - DataCollector - ERROR - ⚠ No se pudieron obtener datos, el proceso se detiene.
2025-10-01 01:23:28,294 - DataCollector - ERROR - ⚠ Error al obtener los datos, código: 404
2025-10-01 01:23:28,295 - DataCollector - ERROR - ⚠ No se pudieron obtener datos, el proceso se detiene.
2025-10-02 01:13:33,503 - DataCollector - ERROR - ⚠ Error al obtener los datos, código: 404
2025-10-02 01:13:33,504 - DataCollector - ERROR - ⚠ No se pudieron obtener datos, el proceso se detiene.
2025-10-03 01:13:23,626 - DataCollector - ERROR - ⚠ Error al obtener los datos, código: 404
2025-10-03 01:13:23,627 - DataCollector - ERROR - ⚠ No se pudieron obtener datos, el proceso se detiene.
2025-10-04 01:11:12,929 - DataCollector - ERROR - ⚠ Error al obtener los datos, código: 404
2025-10-04 01:11:12,930 - DataCollector - ERROR - ⚠ No se pudieron obtener datos, el proceso se detiene.
2025-10-05 01:21:22,763 - DataCollector - ERROR - ⚠ Error al obtener los datos, código: 404
2025-10-05 01:21:22,764 - DataCollector - ERROR - ⚠ No se pudieron obtener datos, el proceso se detiene.
2025-10-06 01:15:46,007 - DataCollector - ERROR - ⚠ Error al obtener los datos, código: 404
2025-10-06 01:15:46,008 - DataCollector - ERROR - ⚠ No se pudieron obtener datos, el proceso se detiene.
2025-10-07 01:14:29,660 - DataCollector - ERROR - ⚠ Error al obtener los datos, código: 404
2025-10-07 01:14:29,661 - DataCollector - ERROR - ⚠ No se pudieron obtener datos, el proceso se detiene.
2025-10-08 01:14:22,645 - DataCollector - ERROR - ⚠ Error al obtener los datos, código: 404
2025-10-08 01:14:22,646 - DataCollector - ERROR - ⚠ No se pudieron obtener datos, el proceso se detiene.
2025-10-09 01:15:07,029 - DataCollector - ERROR - ⚠ Error al obtener los datos, código: 404
2025-10-09 01:15:07,030 - DataCollector - ERROR - ⚠ No se pudieron obtener datos, el proceso se detiene.
2025-10-10 01:15:13,377 - DataCollector - ERROR - ⚠ Error al obtener los datos, código: 404
2025-10-10 01:15:13,378 - DataCollector - ERROR - ⚠ No se pudieron obtener datos, el proceso se detiene.
2025-10-11 01:12:36,635 - DataCollector - ERROR - ⚠ Error al obtener los datos, código: 404
2025-10-11 01:12:36,636 - DataCollector - ERROR - ⚠ No se pudieron obtener datos, el proceso se detiene.
2025-10-12 01:18:40,148 - DataCollector - ERROR - ⚠ Error al obtener los datos, código: 404
2025-10-12 01:18:40,149 - DataCollector - ERROR - ⚠ No se pudieron obtener datos, el proceso se detiene.
2025-10-13 01:20:04,622 - DataCollector - ERROR - ⚠ Error al obtener los datos, código: 404
2025-10-13 01:20:04,623 - DataCollector - ERROR - ⚠ No se pudieron obtener datos, el proceso se detiene.
2025-10-14 01:15:10,329 - DataCollector - ERROR - ⚠ Error al obtener los datos, código: 404
2025-10-14 01:15:10,330 - DataCollector - ERROR - ⚠ No se pudieron obtener datos, el proceso se detiene.
2025-10-15 01:17:17,271 - DataCollector - ERROR - ⚠ Error al obtener los datos, código: 404
2025-10-15 01:17:17,272 - DataCollector - ERROR - ⚠ No se pudieron obtener datos, el proceso se detiene.
2025-10-16 01:16:43,803 - DataCollector - ERROR - ⚠ Error al obtener los datos, código: 404
2025-10-16 01:16:43,804 - DataCollector - ERROR - ⚠ No se pudieron obtener datos, el proceso se detiene.
2025-10-17 01:16:41,173 - DataCollector - ERROR - ⚠ Error al obtener los datos, código: 404
2025-10-17 01:16:41,174 - DataCollector - ERROR - ⚠ No se pudieron obtener datos, el proceso se detiene.
2025-10-18 01:12:48,337 - DataCollector - ERROR - ⚠ Error al obtener los datos, código: 404
2025-10-18 01:12:48,337 - DataCollector - ERROR - ⚠ No se pudieron obtener datos, el proceso se detiene.
2025-10-19 01:24:55,191 - DataCollector - ERROR - ⚠ Error al obtener los datos, código: 404
2025-10-19 01:24:55,192 - DataCollector - ERROR - ⚠ No se pudieron obtener datos, el proceso se detiene.
2025-10-20 01:22:12,281 - DataCollector - ERROR - ⚠ Error al obtener los datos, código: 404
2025-10-20 01:22:12,282 - DataCollector - ERROR - ⚠ No se pudieron obtener datos, el proceso se detiene.
2025-10-21 01:18:37,497 - DataCollector - ERROR - ⚠ Error al obtener los datos, código: 404
2025-10-21 01:18:37,498 - DataCollector - ERROR - ⚠ No se pudieron obtener datos, el proceso se detiene.
2025-10-22 01:19:59,820 - DataCollector - ERROR - ⚠ Error al obtener los datos, código: 404
2025-10-22 01:19:59,821 - DataCollector - ERROR - ⚠ No se pudieron obtener datos, el proceso se detiene.
2025-10-23 01:18:04,917 - DataCollector - ERROR - ⚠ Error al obtener los datos, código: 404
2025-10-23 01:18:04,918 - DataCollector - ERROR - ⚠ No se pudieron obtener datos, el proceso se detiene.
2025-10-24 01:14:22,337 - DataCollector - ERROR - ⚠ Error al obtener los datos, código: 404
2025-10-24 01:14:22,338 - DataCollector - ERROR - ⚠ No se pudieron obtener datos, el proceso se detiene.
2025-10-25 01:15:31,408 - DataCollector - ERROR - ⚠ Error al obtener los datos, código: 404
2025-10-25 01:15:31,409 - DataCollector - ERROR - ⚠ No se pudieron obtener datos, el proceso se detiene.
2025-10-26 01:22:56,417 - DataCollector - ERROR - ⚠ Error al obtener los datos, código: 404
2025-10-26 01:22:56,418 - DataCollector - ERROR - ⚠ No se pudieron obtener datos, el proceso se detiene.
2025-10-27 01:24:14,249 - DataCollector - ERROR - ⚠ Error al obtener los datos, código: 404
2025-10-27 01:24:14,249 - DataCollector - ERROR - ⚠ No se pudieron obtener datos, el proceso se detiene.
2025-10-28 01:16:50,861 - DataCollector - ERROR - ⚠ Error al obtener los datos, código: 404
2025-10-28 01:16:50,862 - DataCollector - ERROR - ⚠ No se pudieron obtener datos, el proceso se detiene.
2025-10-29 01:22:00,362 - DataCollector - ERROR - ⚠ Error al obtener los datos, código: 404
2025-10-29 01:22:00,363 - DataCollector - ERROR - ⚠ No se pudieron obtener datos, el proceso se detiene.
2025-10-30 01:21:32,569 - DataCollector - ERROR - ⚠ Error al obtener los datos, código: 404
2025-10-30 01:21:32,570 - DataCollector - ERROR - ⚠ No se pudieron obtener datos, el proceso se detiene.
2025-10-31 01:19:10,797 - DataCollector - ERROR - ⚠ Error al obtener los datos, código: 404
2025-10-31 01:19:10,798 - DataCollector - ERROR - ⚠ No se pudieron obtener datos, el proceso se detiene.
2025-11-01 01:23:18,035 - DataCollector - ERROR - ⚠ Error al obtener los datos, código: 404
2025-11-01 01:23:18,036 - DataCollector - ERROR - ⚠ No se pudieron obtener datos, el proceso se detiene.
2025-11-02 01:24:03,591 - DataCollector - ERROR - ⚠ Error al obtener los datos, código: 404
2025-11-02 01:24:03,592 - DataCollector - ERROR - ⚠ No se pudieron obtener datos, el proceso se detiene.
2025-11-03 01:22:46,830 - DataCollector - ERROR - ⚠ Error al obtener los datos, código: 404
2025-11-03 01:22:46,831 - DataCollector - ERROR - ⚠ No se pudieron obtener datos, el proceso se detiene.
2025-11-04 01:19:49,786 - DataCollector - ERROR - ⚠ Error al obtener los datos, código: 404
2025-11-04 01:19:49,787 - DataCollector - ERROR - ⚠ No se pudieron obtener datos, el proceso se detiene.
2025-11-05 01:21:09,882 - DataCollector - ERROR - ⚠ Error al obtener los datos, código: 404
2025-11-05 01:21:09,882 - DataCollector - ERROR - ⚠ No se pudieron obtener datos, el proceso se detiene.
2025-11-06 01:20:37,633 - DataCollector - ERROR - ⚠ Error al obtener los datos, código: 404
2025-11-06 01:20:37,634 - DataCollector - ERROR - ⚠ No se pudieron obtener datos, el proceso se detiene.
2025-11-07 01:20:05,405 - DataCollector - ERROR - ⚠ Error al obtener los datos, código: 404
2025-11-07 01:20:05,406 - DataCollector - ERROR - ⚠ No se pudieron obtener datos, el proceso se detiene.
2025-11-08 01:16:08,612 - DataCollector - ERROR - ⚠ Error al obtener los datos, código: 404
2025-11-08 01:16:08,613 - DataCollector - ERROR - ⚠ No se pudieron obtener datos, el proceso se detiene.
2025-11-09 01:23:42,527 - DataCollector - ERROR - ⚠ Error al obtener los datos, código: 404
2025-11-09 01:23:42,528 - DataCollector - ERROR - ⚠ No se pudieron obtener datos, el proceso se detiene.
2025-11-10 01:23:29,921 - DataCollector - ERROR - ⚠ Error al obtener los datos, código: 404
2025-11-10 01:23:29,922 - DataCollector - ERROR - ⚠ No se pudieron obtener datos, el proceso se detiene.
2025-11-11 01:21:10,234 - DataCollector - ERROR - ⚠ Error al obtener los datos, código: 404
2025-11-11 01:21:10,235 - DataCollector - ERROR - ⚠ No se pudieron obtener datos, el proceso se detiene.
2025-11-12 01:20:33,879 - DataCollector - ERROR - ⚠ Error al obtener los datos, código: 404
2025-11-12 01:20:33,880 - DataCollector - ERROR - ⚠ No se pudieron obtener datos, el proceso se detiene.
2025-11-13 01:21:17,721 - DataCollector - ERROR - ⚠ Error al obtener los datos, código: 404
2025-11-13 01:21:17,722 - DataCollector - ERROR - ⚠ No se pudieron obtener datos, el proceso se detiene.
2025-11-14 01:20:50,213 - DataCollector - ERROR - ⚠ Error al obtener los datos, código: 404
2025-11-14 01:20:50,214 - DataCollector - ERROR - ⚠ No se pudieron obtener datos, el proceso se detiene.
2025-11-15 01:18:25,393 - DataCollector - ERROR - ⚠ Error al obtener los datos, código: 404
2025-11-15 01:18:25,394 - DataCollector - ERROR - ⚠ No se pudieron obtener datos, el proceso se detiene.
2025-11-16 01:25:40,045 - DataCollector - ERROR - ⚠ Error al obtener los datos, código: 404
2025-11-16 01:25:40,046 - DataCollector - ERROR - ⚠ No se pudieron obtener datos, el proceso se detiene.
2025-11-17 01:21:30,583 - DataCollector - ERROR - ⚠ Error al obtener los datos, código: 404
2025-11-17 01:21:30,584 - DataCollector - ERROR - ⚠ No se pudieron obtener datos, el proceso se detiene.
2025-11-18 01:20:34,009 - DataCollector - ERROR - ⚠ Error al obtener los datos, código: 404
2025-11-18 01:20:34,010 - DataCollector - ERROR - ⚠ No se pudieron obtener datos, el proceso se detiene.
2025-11-19 01:20:11,411 - DataCollector - ERROR - ⚠ Error al obtener los datos, código: 404
2025-11-19 01:20:11,412 - DataCollector - ERROR - ⚠ No se pudieron obtener datos, el proceso se detiene.
2025-11-20 01:18:57,712 - DataCollector - ERROR - ⚠ Error al obtener los datos, código: 404
2025-11-20 01:18:57,713 - DataCollector - ERROR - ⚠ No se pudieron obtener datos, el proceso se detiene.
2025-11-21 01:19:54,020 - DataCollector - ERROR - ⚠ Error al obtener los datos, código: 404
2025-11-21 01:19:54,021 - DataCollector - ERROR - ⚠ No se pudieron obtener datos, el proceso se detiene.
2025-11-22 01:17:11,082 - DataCollector - ERROR - ⚠ Error al obtener los datos, código: 404
2025-11-22 01:17:11,083 - DataCollector - ERROR - ⚠ No se pudieron obtener datos, el proceso se detiene.
2025-11-23 01:39:08,495 - DataCollector - ERROR - ⚠ Error al obtener los datos, código: 404
2025-11-23 01:39:08,496 - DataCollector - ERROR - ⚠ No se pudieron obtener datos, el proceso se detiene.
2025-11-24 01:25:51,117 - DataCollector - ERROR - ⚠ Error al obtener los datos, código: 404
2025-11-24 01:25:51,117 - DataCollector - ERROR - ⚠ No se pudieron obtener datos, el proceso se detiene.
2025-11-25 01:20:49,667 - DataCollector - ERROR - ⚠ Error al obtener los datos, código: 404
2025-11-25 01:20:49,668 - DataCollector - ERROR - ⚠ No se pudieron obtener datos, el proceso se detiene.
2025-11-26 01:20:47,265 - DataCollector - ERROR - ⚠ Error al obtener los datos, código: 404
2025-11-26 01:20:47,266 - DataCollector - ERROR - ⚠ No se pudieron obtener datos, el proceso se detiene.
2025-11-27 01:19:54,759 - DataCollector - ERROR - ⚠ Error al obtener los datos, código: 404
2025-11-27 01:19:54,760 - DataCollector - ERROR - ⚠ No se pudieron obtener datos, el proceso se detiene.
2025-11-28 01:19:00,109 - DataCollector - ERROR - ⚠ Error al obtener los datos, código: 404
2025-11-28 01:19:00,109 - DataCollector - ERROR - ⚠ No se pudieron obtener datos, el proceso se detiene.
2025-11-29 01:19:17,521 - DataCollector - ERROR - ⚠ Error al obtener los datos, código: 404
2025-11-29 01:19:17,522 - DataCollector - ERROR - ⚠ No se pudieron obtener datos, el proceso se detiene.
2025-11-30 01:38:25,468 - DataCollector - ERROR - ⚠ Error al obtener los datos, código: 404
2025-11-30 01:38:25,469 - DataCollector - ERROR - ⚠ No se pudieron obtener datos, el proceso se detiene.
2025-12-01 01:45:19,488 - DataCollector - ERROR - ⚠ Error al obtener los datos, código: 404
2025-12-01 01:45:19,489 - DataCollector - ERROR - ⚠ No se pudieron obtener datos, el proceso se detiene.
2025-12-02 01:22:29,337 - DataCollector - ERROR - ⚠ Error al obtener los datos, código: 404
2025-12-02 01:22:29,338 - DataCollector - ERROR - ⚠ No se pudieron obtener datos, el proceso se detiene.
2025-12-03 01:22:40,576 - DataCollector - ERROR - ⚠ Error al obtener los datos, código: 404
2025-12-03 01:22:40,577 - DataCollector - ERROR - ⚠ No se pudieron obtener datos, el proceso se detiene.
2025-12-04 01:22:58,194 - DataCollector - ERROR - ⚠ Error al obtener los datos, código: 404
2025-12-04 01:22:58,195 - DataCollector - ERROR - ⚠ No se pudieron obtener datos, el proceso se detiene.
2025-12-05 01:23:05,309 - DataCollector - ERROR - ⚠ Error al obtener los datos, código: 404
2025-12-05 01:23:05,310 - DataCollector - ERROR - ⚠ No se pudieron obtener datos, el proceso se detiene.
2025-12-06 01:18:57,372 - DataCollector - ERROR - ⚠ Error al obtener los datos, código: 404
2025-12-06 01:18:57,373 - DataCollector - ERROR - ⚠ No se pudieron obtener datos, el proceso se detiene.
2025-12-07 01:38:39,756 - DataCollector - ERROR - ⚠ Error al obtener los datos, código: 404
2025-12-07 01:38:39,758 - DataCollector - ERROR - ⚠ No se pudieron obtener datos, el proceso se detiene.
2025-12-08 01:23:25,791 - DataCollector - ERROR - ⚠ Error al obtener los datos, código: 404
2025-12-08 01:23:25,792 - DataCollector - ERROR - ⚠ No se pudieron obtener datos, el proceso se detiene.
2025-12-09 01:22:44,942 - DataCollector - ERROR - ⚠ Error al obtener los datos, código: 404
2025-12-09 01:22:44,943 - DataCollector - ERROR - ⚠ No se pudieron obtener datos, el proceso se detiene.
2025-12-10 01:24:37,440 - DataCollector - ERROR - ⚠ Error al obtener los datos, código: 404
2025-12-10 01:24:37,441 - DataCollector - ERROR - ⚠ No se pudieron obtener datos, el proceso se detiene.
2025-12-11 01:25:16,094 - DataCollector - ERROR - ⚠ Error al obtener los datos, código: 404
2025-12-11 01:25:16,095 - DataCollector - ERROR - ⚠ No se pudieron obtener datos, el proceso se detiene.
2025-12-12 01:25:00,181 - DataCollector - ERROR - ⚠ Error al obtener los datos, código: 404
2025-12-12 01:25:00,182 - DataCollector - ERROR - ⚠ No se pudieron obtener datos, el proceso se detiene.
2025-12-13 01:20:24,801 - DataCollector - ERROR - ⚠ Error al obtener los datos, código: 404
2025-12-13 01:20:24,802 - DataCollector - ERROR - ⚠ No se pudieron obtener datos, el proceso se detiene.
2025-12-14 01:39:20,173 - DataCollector - ERROR - ⚠ Error al obtener los datos, código: 404
2025-12-14 01:39:20,174 - DataCollector - ERROR - ⚠ No se pudieron obtener datos, el proceso se detiene.
2025-12-15 01:27:33,895 - DataCollector - ERROR - ⚠ Error al obtener los datos, código: 404
2025-12-15 01:27:33,896 - DataCollector - ERROR - ⚠ No se pudieron obtener datos, el proceso se detiene.
2025-12-16 01:25:57,837 - DataCollector - ERROR - ⚠ Error al obtener los datos, código: 404
2025-12-16 01:25:57,837 - DataCollector - ERROR - ⚠ No se pudieron obtener datos, el proceso se detiene.
2025-12-17 01:21:24,321 - DataCollector - ERROR - ⚠ Error al obtener los datos, código: 404
2025-12-17 01:21:24,322 - DataCollector - ERROR - ⚠ No se pudieron obtener datos, el proceso se detiene.
2025-12-18 01:21:58,371 - DataCollector - ERROR - ⚠ Error al obtener los datos, código: 404
2025-12-18 01:21:58,372 - DataCollector - ERROR - ⚠ No se pudieron obtener datos, el proceso se detiene.
2025-12-19 01:25:12,805 - DataCollector - ERROR - ⚠ Error al obtener los datos, código: 404
2025-12-19 01:25:12,806 - DataCollector - ERROR - ⚠ No se pudieron obtener datos, el proceso se detiene.
2025-12-20 01:20:58,245 - DataCollector - ERROR - ⚠ Error al obtener los datos, código: 404
2025-12-20 01:20:58,246 - DataCollector - ERROR - ⚠ No se pudieron obtener datos, el proceso se detiene.
2025-12-21 01:39:01,327 - DataCollector - ERROR - ⚠ Error al obtener los datos, código: 404
2025-12-21 01:39:01,327 - DataCollector - ERROR - ⚠ No se pudieron obtener datos, el proceso se detiene.
2025-12-22 01:28:50,886 - DataCollector - ERROR - ⚠ Error al obtener los datos, código: 404
2025-12-22 01:28:50,887 - DataCollector - ERROR - ⚠ No se pudieron obtener datos, el proceso se detiene.
2025-12-23 01:25:25,010 - DataCollector - ERROR - ⚠ Error al obtener los datos, código: 404
2025-12-23 01:25:25,011 - DataCollector - ERROR - ⚠ No se pudieron obtener datos, el proceso se detiene.
2025-12-24 01:24:17,212 - DataCollector - ERROR - ⚠ Error al obtener los datos, código: 404
2025-12-24 01:24:17,212 - DataCollector - ERROR - ⚠ No se pudieron obtener datos, el proceso se detiene.
2025-12-25 01:25:25,866 - DataCollector - ERROR - ⚠ Error al obtener los datos, código: 404
2025-12-25 01:25:25,867 - DataCollector - ERROR - ⚠ No se pudieron obtener datos, el proceso se detiene.
2025-12-26 01:25:16,380 - DataCollector - ERROR - ⚠ Error al obtener los datos, código: 404
2025-12-26 01:25:16,381 - DataCollector - ERROR - ⚠ No se pudieron obtener datos, el proceso se detiene.
2025-12-27 01:23:32,011 - DataCollector - ERROR - ⚠ Error al obtener los datos, código: 404
2025-12-27 01:23:32,012 - DataCollector - ERROR - ⚠ No se pudieron obtener datos, el proceso se detiene.
2025-12-28 01:43:43,580 - DataCollector - ERROR - ⚠ Error al obtener los datos, código: 404
2025-12-28 01:43:43,581 - DataCollector - ERROR - ⚠ No se pudieron obtener datos, el proceso se detiene.
2025-12-29 01:42:15,645 - DataCollector - ERROR - ⚠ Error al obtener los datos, código: 404
2025-12-29 01:42:15,646 - DataCollector - ERROR - ⚠ No se pudieron obtener datos, el proceso se detiene.
2025-12-30 01:25:44,711 - DataCollector - ERROR - ⚠ Error al obtener los datos, código: 404
2025-12-30 01:25:44,712 - DataCollector - ERROR - ⚠ No se pudieron obtener datos, el proceso se detiene.
2025-12-31 01:26:51,426 - DataCollector - ERROR - ⚠ Error al obtener los datos, código: 404
2025-12-31 01:26:51,427 - DataCollector - ERROR - ⚠ No se pudieron obtener datos, el proceso se detiene.
2026-01-01 01:44:36,311 - DataCollector - ERROR - ⚠ Error al obtener los datos, código: 404
2026-01-01 01:44:36,312 - DataCollector - ERROR - ⚠ No se pudieron obtener datos, el proceso se detiene.
2026-01-02 01:27:28,479 - DataCollector - ERROR - ⚠ Error al obtener los datos, código: 404
2026-01-02 01:27:28,480 - DataCollector - ERROR - ⚠ No se pudieron obtener datos, el proceso se detiene.
2026-01-03 01:22:37,283 - DataCollector - ERROR - ⚠ Error al obtener los datos, código: 404
2026-01-03 01:22:37,283 - DataCollector - ERROR - ⚠ No se pudieron obtener datos, el proceso se detiene.
2026-01-04 01:44:45,441 - DataCollector - ERROR - ⚠ Error al obtener los datos, código: 404
2026-01-04 01:44:45,442 - DataCollector - ERROR - ⚠ No se pudieron obtener datos, el proceso se detiene.
2026-01-05 01:44:44,829 - DataCollector - ERROR - ⚠ Error al obtener los datos, código: 404
2026-01-05 01:44:44,830 - DataCollector - ERROR - ⚠ No se pudieron obtener datos, el proceso se detiene.
2026-01-06 01:27:21,234 - DataCollector - ERROR - ⚠ Error al obtener los datos, código: 404
2026-01-06 01:27:21,235 - DataCollector - ERROR - ⚠ No se pudieron obtener datos, el proceso se detiene.
2026-01-07 01:27:21,676 - DataCollector - ERROR - ⚠ Error al obtener los datos, código: 404
2026-01-07 01:27:21,677 - DataCollector - ERROR - ⚠ No se pudieron obtener datos, el proceso se detiene.
2026-01-08 01:27:53,047 - DataCollector - ERROR - ⚠ Error al obtener los datos, código: 404
2026-01-08 01:27:53,048 - DataCollector - ERROR - ⚠ No se pudieron obtener datos, el proceso se detiene.
2026-01-09 01:28:16,133 - DataCollector - ERROR - ⚠ Error al obtener los datos, código: 404
2026-01-09 01:28:16,134 - DataCollector - ERROR - ⚠ No se pudieron obtener datos, el proceso se detiene.
2026-01-10 01:25:24,413 - DataCollector - ERROR - ⚠ Error al obtener los datos, código: 404
2026-01-10 01:25:24,414 - DataCollector - ERROR - ⚠ No se pudieron obtener datos, el proceso se detiene.
2026-01-11 01:44:41,618 - DataCollector - ERROR - ⚠ Error al obtener los datos, código: 404
2026-01-11 01:44:41,619 - DataCollector - ERROR - ⚠ No se pudieron obtener datos, el proceso se detiene.
2026-01-12 01:41:46,796 - DataCollector - ERROR - ⚠ Error al obtener los datos, código: 404
2026-01-12 01:41:46,797 - DataCollector - ERROR - ⚠ No se pudieron obtener datos, el proceso se detiene.
2026-01-13 01:24:32,808 - DataCollector - ERROR - ⚠ Error al obtener los datos, código: 404
2026-01-13 01:24:32,809 - DataCollector - ERROR - ⚠ No se pudieron obtener datos, el proceso se detiene.
2026-01-14 01:40:44,262 - DataCollector - ERROR - ⚠ Error al obtener los datos, código: 404
2026-01-14 01:40:44,263 - DataCollector - ERROR - ⚠ No se pudieron obtener datos, el proceso se detiene.
2026-01-16 01:28:37,827 - DataCollector - ERROR - ⚠ Error al obtener los datos, código: 404
2026-01-16 01:28:37,828 - DataCollector - ERROR - ⚠ No se pudieron obtener datos, el proceso se detiene.
2026-01-17 01:24:47,008 - DataCollector - ERROR - ⚠ Error al obtener los datos, código: 404
2026-01-17 01:24:47,009 - DataCollector - ERROR - ⚠ No se pudieron obtener datos, el proceso se detiene.
2026-01-18 01:43:50,807 - DataCollector - ERROR - ⚠ Error al obtener los datos, código: 404
2026-01-18 01:43:50,808 - DataCollector - ERROR - ⚠ No se pudieron obtener datos, el proceso se detiene.
2026-01-19 01:42:35,147 - DataCollector - ERROR - ⚠ Error al obtener los datos, código: 404
2026-01-19 01:42:35,147 - DataCollector - ERROR - ⚠ No se pudieron obtener datos, el proceso se detiene.
2026-01-20 01:27:50,536 - DataCollector - ERROR - ⚠ Error al obtener los datos, código: 404
2026-01-20 01:27:50,537 - DataCollector - ERROR - ⚠ No se pudieron obtener datos, el proceso se detiene.
2026-01-21 01:40:55,651 - DataCollector - ERROR - ⚠ Error al obtener los datos, código: 404
2026-01-21 01:40:55,652 - DataCollector - ERROR - ⚠ No se pudieron obtener datos, el proceso se detiene.
2026-01-22 01:40:32,492 - DataCollector - ERROR - ⚠ Error al obtener los datos, código: 404
2026-01-22 01:40:32,493 - DataCollector - ERROR - ⚠ No se pudieron obtener datos, el proceso se detiene.
2026-01-23 01:28:00,124 - DataCollector - ERROR - ⚠ Error al obtener los datos, código: 404
2026-01-23 01:28:00,125 - DataCollector - ERROR - ⚠ No se pudieron obtener datos, el proceso se detiene.
2026-01-24 01:25:55,415 - DataCollector - ERROR - ⚠ Error al obtener los datos, código: 404
2026-01-24 01:25:55,416 - DataCollector - ERROR - ⚠ No se pudieron obtener datos, el proceso se detiene.
2026-01-25 01:46:37,947 - DataCollector - ERROR - ⚠ Error al obtener los datos, código: 404
2026-01-25 01:46:37,948 - DataCollector - ERROR - ⚠ No se pudieron obtener datos, el proceso se detiene.
2026-01-26 01:46:12,471 - DataCollector - ERROR - ⚠ Error al obtener los datos, código: 404
2026-01-26 01:46:12,473 - DataCollector - ERROR - ⚠ No se pudieron obtener datos, el proceso se detiene.
2026-01-27 01:43:52,381 - DataCollector - ERROR - ⚠ Error al obtener los datos, código: 404
2026-01-27 01:43:52,382 - DataCollector - ERROR - ⚠ No se pudieron obtener datos, el proceso se detiene.
2026-01-28 01:40:02,574 - DataCollector - ERROR - ⚠ Error al obtener los datos, código: 404
2026-01-28 01:40:02,575 - DataCollector - ERROR - ⚠ No se pudieron obtener datos, el proceso se detiene.
2026-01-29 01:51:39,702 - DataCollector - ERROR - ⚠ Error al obtener los datos, código: 404
2026-01-29 01:51:39,703 - DataCollector - ERROR - ⚠ No se pudieron obtener datos, el proceso se detiene.
2026-01-30 01:52:33,605 - DataCollector - ERROR - ⚠ Error al obtener los datos, código: 404
2026-01-30 01:52:33,606 - DataCollector - ERROR - ⚠ No se pudieron obtener datos, el proceso se detiene.
2026-01-31 01:48:21,619 - DataCollector - ERROR - ⚠ Error al obtener los datos, código: 404
2026-01-31 01:48:21,620 - DataCollector - ERROR - ⚠ No se pudieron obtener datos, el proceso se detiene.
2026-02-01 02:07:28,506 - DataCollector - ERROR - ⚠ Error al obtener los datos, código: 404
2026-02-01 02:07:28,507 - DataCollector - ERROR - ⚠ No se pudieron obtener datos, el proceso se detiene.
2026-02-02 01:59:38,031 - DataCollector - ERROR - ⚠ Error al obtener los datos, código: 404
2026-02-02 01:59:38,032 - DataCollector - ERROR - ⚠ No se pudieron obtener datos, el proceso se detiene.
2026-02-03 01:58:16,137 - DataCollector - ERROR - ⚠ Error al obtener los datos, código: 404
2026-02-03 01:58:16,138 - DataCollector - ERROR - ⚠ No se pudieron obtener datos, el proceso se detiene.
2026-02-04 01:53:18,423 - DataCollector - ERROR - ⚠ Error al obtener los datos, código: 404
2026-02-04 01:53:18,424 - DataCollector - ERROR - ⚠ No se pudieron obtener datos, el proceso se detiene.
2026-02-05 01:54:57,753 - DataCollector - ERROR - ⚠ Error al obtener los datos, código: 404
2026-02-05 01:54:57,754 - DataCollector - ERROR - ⚠ No se pudieron obtener datos, el proceso se detiene.
2026-02-06 01:54:11,302 - DataCollector - ERROR - ⚠ Error al obtener los datos, código: 404
2026-02-06 01:54:11,303 - DataCollector - ERROR - ⚠ No se pudieron obtener datos, el proceso se detiene.
2026-02-07 01:50:56,100 - DataCollector - ERROR - ⚠ Error al obtener los datos, código: 404
2026-02-07 01:50:56,101 - DataCollector - ERROR - ⚠ No se pudieron obtener datos, el proceso se detiene.
2026-02-08 02:24:10,379 - DataCollector - ERROR - ⚠ Error al obtener los datos, código: 404
2026-02-08 02:24:10,380 - DataCollector - ERROR - ⚠ No se pudieron obtener datos, el proceso se detiene.
2026-02-09 02:01:42,159 - DataCollector - ERROR - ⚠ Error al obtener los datos, código: 404
2026-02-09 02:01:42,160 - DataCollector - ERROR - ⚠ No se pudieron obtener datos, el proceso se detiene.
2026-02-10 02:11:35,762 - DataCollector - ERROR - ⚠ Error al obtener los datos, código: 404
2026-02-10 02:11:35,763 - DataCollector - ERROR - ⚠ No se pudieron obtener datos, el proceso se detiene.
2026-02-11 02:07:41,946 - DataCollector - ERROR - ⚠ Error al obtener los datos, código: 404
2026-02-11 02:07:41,947 - DataCollector - ERROR - ⚠ No se pudieron obtener datos, el proceso se detiene.
2026-02-12 02:00:59,483 - DataCollector - ERROR - ⚠ Error al obtener los datos, código: 404
2026-02-12 02:00:59,484 - DataCollector - ERROR - ⚠ No se pudieron obtener datos, el proceso se detiene.
2026-02-13 02:03:52,557 - DataCollector - ERROR - ⚠ Error al obtener los datos, código: 404
2026-02-13 02:03:52,558 - DataCollector - ERROR - ⚠ No se pudieron obtener datos, el proceso se detiene.
2026-02-14 01:52:39,572 - DataCollector - ERROR - ⚠ Error al obtener los datos, código: 404
2026-02-14 01:52:39,573 - DataCollector - ERROR - ⚠ No se pudieron obtener datos, el proceso se detiene.
2026-02-15 02:03:19,326 - DataCollector - ERROR - ⚠ Error al obtener los datos, código: 404
2026-02-15 02:03:19,327 - DataCollector - ERROR - ⚠ No se pudieron obtener datos, el proceso se detiene.
2026-02-16 01:59:16,082 - DataCollector - ERROR - ⚠ Error al obtener los datos, código: 404
2026-02-16 01:59:16,082 - DataCollector - ERROR - ⚠ No se pudieron obtener datos, el proceso se detiene.
2026-02-17 01:56:45,221 - DataCollector - ERROR - ⚠ Error al obtener los datos, código: 404
2026-02-17 01:56:45,222 - DataCollector - ERROR - ⚠ No se pudieron obtener datos, el proceso se detiene.
2026-02-18 02:00:35,284 - DataCollector - ERROR - ⚠ Error al obtener los datos, código: 404
2026-02-18 02:00:35,285 - DataCollector - ERROR - ⚠ No se pudieron obtener datos, el proceso se detiene.
2026-02-19 01:59:25,362 - DataCollector - ERROR - ⚠ Error al obtener los datos, código: 404
2026-02-19 01:59:25,362 - DataCollector - ERROR - ⚠ No se pudieron obtener datos, el proceso se detiene.
2026-02-20 01:55:15,036 - DataCollector - ERROR - ⚠ Error al obtener los datos, código: 404
2026-02-20 01:55:15,037 - DataCollector - ERROR - ⚠ No se pudieron obtener datos, el proceso se detiene.
2026-02-21 01:50:12,513 - DataCollector - ERROR - ⚠ Error al obtener los datos, código: 404
2026-02-21 01:50:12,514 - DataCollector - ERROR - ⚠ No se pudieron obtener datos, el proceso se detiene.
2026-02-22 01:58:43,280 - DataCollector - ERROR - ⚠ Error al obtener los datos, código: 404
2026-02-22 01:58:43,281 - DataCollector - ERROR - ⚠ No se pudieron obtener datos, el proceso se detiene.
2026-02-23 01:59:42,765 - DataCollector - ERROR - ⚠ Error al obtener los datos, código: 404
2026-02-23 01:59:42,766 - DataCollector - ERROR - ⚠ No se pudieron obtener datos, el proceso se detiene.
2026-02-24 01:56:40,064 - DataCollector - ERROR - ⚠ Error al obtener los datos, código: 404
2026-02-24 01:56:40,065 - DataCollector - ERROR - ⚠ No se pudieron obtener datos, el proceso se detiene.
2026-02-25 01:58:50,361 - DataCollector - ERROR - ⚠ Error al obtener los datos, código: 404
2026-02-25 01:58:50,362 - DataCollector - ERROR - ⚠ No se pudieron obtener datos, el proceso se detiene.
2026-02-26 01:54:17,912 - DataCollector - ERROR - ⚠ Error al obtener los datos, código: 404
2026-02-26 01:54:17,913 - DataCollector - ERROR - ⚠ No se pudieron obtener datos, el proceso se detiene.
2026-02-27 01:53:12,889 - DataCollector - ERROR - ⚠ Error al obtener los datos, código: 404
2026-02-27 01:53:12,890 - DataCollector - ERROR - ⚠ No se pudieron obtener datos, el proceso se detiene.
2026-02-28 01:44:21,872 - DataCollector - ERROR - ⚠ Error al obtener los datos, código: 404
2026-02-28 01:44:21,873 - DataCollector - ERROR - ⚠ No se pudieron obtener datos, el proceso se detiene.
2026-03-01 02:05:46,947 - DataCollector - ERROR - ⚠ Error al obtener los datos, código: 404
2026-03-01 02:05:46,948 - DataCollector - ERROR - ⚠ No se pudieron obtener datos, el proceso se detiene.
2026-03-02 01:56:21,075 - DataCollector - ERROR - ⚠ Error al obtener los datos, código: 404
2026-03-02 01:56:21,076 - DataCollector - ERROR - ⚠ No se pudieron obtener datos, el proceso se detiene.
2026-03-03 01:58:50,521 - DataCollector - ERROR - ⚠ Error al obtener los datos, código: 404
2026-03-03 01:58:50,522 - DataCollector - ERROR - ⚠ No se pudieron obtener datos, el proceso se detiene.
2026-03-04 01:52:28,970 - DataCollector - ERROR - ⚠ Error al obtener los datos, código: 404
2026-03-04 01:52:28,971 - DataCollector - ERROR - ⚠ No se pudieron obtener datos, el proceso se detiene.
2026-03-05 01:55:14,926 - DataCollector - ERROR - ⚠ Error al obtener los datos, código: 404
2026-03-05 01:55:14,927 - DataCollector - ERROR - ⚠ No se pudieron obtener datos, el proceso se detiene.
2026-03-06 01:56:20,680 - DataCollector - ERROR - ⚠ Error al obtener los datos, código: 404
2026-03-06 01:56:20,681 - DataCollector - ERROR - ⚠ No se pudieron obtener datos, el proceso se detiene.
2026-03-07 01:48:30,506 - DataCollector - ERROR - ⚠ Error al obtener los datos, código: 404
2026-03-07 01:48:30,507 - DataCollector - ERROR - ⚠ No se pudieron obtener datos, el proceso se detiene.
2026-03-08 01:57:07,144 - DataCollector - ERROR - ⚠ Error al obtener los datos, código: 404
2026-03-08 01:57:07,145 - DataCollector - ERROR - ⚠ No se pudieron obtener datos, el proceso se detiene.
2026-03-09 01:58:05,539 - DataCollector - ERROR - ⚠ Error al obtener los datos, código: 404
2026-03-09 01:58:05,540 - DataCollector - ERROR - ⚠ No se pudieron obtener datos, el proceso se detiene.
2026-03-10 01:50:32,831 - DataCollector - ERROR - ⚠ Error al obtener los datos, código: 404
2026-03-10 01:50:32,832 - DataCollector - ERROR - ⚠ No se pudieron obtener datos, el proceso se detiene.
2026-03-11 01:50:32,271 - DataCollector - ERROR - ⚠ Error al obtener los datos, código: 404
2026-03-11 01:50:32,272 - DataCollector - ERROR - ⚠ No se pudieron obtener datos, el proceso se detiene.
2026-03-12 01:55:52,457 - DataCollector - ERROR - ⚠ Error al obtener los datos, código: 404
2026-03-12 01:55:52,458 - DataCollector - ERROR - ⚠ No se pudieron obtener datos, el proceso se detiene.
2026-03-13 01:54:41,706 - DataCollector - ERROR - ⚠ Error al obtener los datos, código: 404
2026-03-13 01:54:41,707 - DataCollector - ERROR - ⚠ No se pudieron obtener datos, el proceso se detiene.
2026-03-14 01:52:16,856 - DataCollector - ERROR - ⚠ Error al obtener los datos, código: 404
2026-03-14 01:52:16,857 - DataCollector - ERROR - ⚠ No se pudieron obtener datos, el proceso se detiene.
2026-03-15 02:09:04,724 - DataCollector - ERROR - ⚠ Error al obtener los datos, código: 404
2026-03-15 02:09:04,725 - DataCollector - ERROR - ⚠ No se pudieron obtener datos, el proceso se detiene.
2026-03-16 02:10:10,419 - DataCollector - ERROR - ⚠ Error al obtener los datos, código: 404
2026-03-16 02:10:10,420 - DataCollector - ERROR - ⚠ No se pudieron obtener datos, el proceso se detiene.
2026-03-17 01:57:14,050 - DataCollector - ERROR - ⚠ Error al obtener los datos, código: 404
2026-03-17 01:57:14,051 - DataCollector - ERROR - ⚠ No se pudieron obtener datos, el proceso se detiene.
2026-03-18 02:01:13,360 - DataCollector - ERROR - ⚠ Error al obtener los datos, código: 404
2026-03-18 02:01:13,361 - DataCollector - ERROR - ⚠ No se pudieron obtener datos, el proceso se detiene.
2026-03-19 02:02:19,672 - DataCollector - ERROR - ⚠ Error al obtener los datos, código: 404
2026-03-19 02:02:19,673 - DataCollector - ERROR - ⚠ No se pudieron obtener datos, el proceso se detiene.
2026-03-20 01:56:31,434 - DataCollector - ERROR - ⚠ Error al obtener los datos, código: 404
2026-03-20 01:56:31,435 - DataCollector - ERROR - ⚠ No se pudieron obtener datos, el proceso se detiene.
2026-03-21 01:50:32,539 - DataCollector - ERROR - ⚠ Error al obtener los datos, código: 404
2026-03-21 01:50:32,540 - DataCollector - ERROR - ⚠ No se pudieron obtener datos, el proceso se detiene.
2026-03-22 02:02:30,005 - DataCollector - ERROR - ⚠ Error al obtener los datos, código: 404
2026-03-22 02:02:30,006 - DataCollector - ERROR - ⚠ No se pudieron obtener datos, el proceso se detiene.
2026-03-23 02:03:30,912 - DataCollector - ERROR - ⚠ Error al obtener los datos, código: 404
2026-03-23 02:03:30,913 - DataCollector - ERROR - ⚠ No se pudieron obtener datos, el proceso se detiene.
2026-03-24 01:55:23,028 - DataCollector - ERROR - ⚠ Error al obtener los datos, código: 404
2026-03-24 01:55:23,029 - DataCollector - ERROR - ⚠ No se pudieron obtener datos, el proceso se detiene.
2026-03-25 02:01:12,528 - DataCollector - ERROR - ⚠ Error al obtener los datos, código: 404
2026-03-25 02:01:12,529 - DataCollector - ERROR - ⚠ No se pudieron obtener datos, el proceso se detiene.
2026-03-26 02:07:12,813 - DataCollector - ERROR - ⚠ Error al obtener los datos, código: 404
2026-03-26 02:07:12,813 - DataCollector - ERROR - ⚠ No se pudieron obtener datos, el proceso se detiene.
2026-03-27 02:08:10,891 - DataCollector - ERROR - ⚠ Error al obtener los datos, código: 404
2026-03-27 02:08:10,892 - DataCollector - ERROR - ⚠ No se pudieron obtener datos, el proceso se detiene.
2026-03-28 01:59:26,328 - DataCollector - ERROR - ⚠ Error al obtener los datos, código: 404
2026-03-28 01:59:26,329 - DataCollector - ERROR - ⚠ No se pudieron obtener datos, el proceso se detiene.
2026-03-29 02:10:39,533 - DataCollector - ERROR - ⚠ Error al obtener los datos, código: 404
2026-03-29 02:10:39,533 - DataCollector - ERROR - ⚠ No se pudieron obtener datos, el proceso se detiene.
2026-03-30 02:12:48,932 - DataCollector - ERROR - ⚠ Error al obtener los datos, código: 404
2026-03-30 02:12:48,933 - DataCollector - ERROR - ⚠ No se pudieron obtener datos, el proceso se detiene.
2026-03-31 02:08:42,571 - DataCollector - ERROR - ⚠ Error al obtener los datos, código: 404
2026-03-31 02:08:42,572 - DataCollector - ERROR - ⚠ No se pudieron obtener datos, el proceso se detiene.
2026-04-01 02:25:36,120 - DataCollector - ERROR - ⚠ Error al obtener los datos, código: 404
2026-04-01 02:25:36,121 - DataCollector - ERROR - ⚠ No se pudieron obtener datos, el proceso se detiene.
2026-04-02 02:05:02,428 - DataCollector - ERROR - ⚠ Error al obtener los datos, código: 404
2026-04-02 02:05:02,429 - DataCollector - ERROR - ⚠ No se pudieron obtener datos, el proceso se detiene.
2026-04-03 02:06:53,151 - DataCollector - ERROR - ⚠ Error al obtener los datos, código: 404
2026-04-03 02:06:53,152 - DataCollector - ERROR - ⚠ No se pudieron obtener datos, el proceso se detiene.
2026-04-04 01:59:03,794 - DataCollector - ERROR - ⚠ Error al obtener los datos, código: 404
2026-04-04 01:59:03,795 - DataCollector - ERROR - ⚠ No se pudieron obtener datos, el proceso se detiene.
2026-04-05 02:12:48,700 - DataCollector - ERROR - ⚠ Error al obtener los datos, código: 404
2026-04-05 02:12:48,701 - DataCollector - ERROR - ⚠ No se pudieron obtener datos, el proceso se detiene.
2026-04-06 02:13:45,929 - DataCollector - ERROR - ⚠ Error al obtener los datos, código: 404
2026-04-06 02:13:45,930 - DataCollector - ERROR - ⚠ No se pudieron obtener datos, el proceso se detiene.
2026-04-07 02:09:10,589 - DataCollector - ERROR - ⚠ Error al obtener los datos, código: 404
2026-04-07 02:09:10,590 - DataCollector - ERROR - ⚠ No se pudieron obtener datos, el proceso se detiene.
2026-04-08 02:10:12,248 - DataCollector - ERROR - ⚠ Error al obtener los datos, código: 404
2026-04-08 02:10:12,249 - DataCollector - ERROR - ⚠ No se pudieron obtener datos, el proceso se detiene.
2026-04-09 02:03:28,960 - DataCollector - ERROR - ⚠ Error al obtener los datos, código: 404
2026-04-09 02:03:28,960 - DataCollector - ERROR - ⚠ No se pudieron obtener datos, el proceso se detiene.
2026-04-10 02:23:27,578 - DataCollector - ERROR - ⚠ Error al obtener los datos, código: 404
2026-04-10 02:23:27,579 - DataCollector - ERROR - ⚠ No se pudieron obtener datos, el proceso se detiene.
2026-04-11 02:03:25,363 - DataCollector - ERROR - ⚠ Error al obtener los datos, código: 404
2026-04-11 02:03:25,364 - DataCollector - ERROR - ⚠ No se pudieron obtener datos, el proceso se detiene.
2026-04-12 02:25:24,684 - DataCollector - ERROR - ⚠ Error al obtener los datos, código: 404
2026-04-12 02:25:24,685 - DataCollector - ERROR - ⚠ No se pudieron obtener datos, el proceso se detiene.
2026-04-13 02:30:01,820 - DataCollector - ERROR - ⚠ Error al obtener los datos, código: 404
2026-04-13 02:30:01,821 - DataCollector - ERROR - ⚠ No se pudieron obtener datos, el proceso se detiene.
2026-04-14 02:24:12,006 - DataCollector - ERROR - ⚠ Error al obtener los datos, código: 404
2026-04-14 02:24:12,007 - DataCollector - ERROR - ⚠ No se pudieron obtener datos, el proceso se detiene.
2026-04-15 02:13:13,561 - DataCollector - ERROR - ⚠ Error al obtener los datos, código: 404
2026-04-15 02:13:13,562 - DataCollector - ERROR - ⚠ No se pudieron obtener datos, el proceso se detiene.
2026-04-16 02:29:20,383 - DataCollector - ERROR - ⚠ Error al obtener los datos, código: 404
2026-04-16 02:29:20,384 - DataCollector - ERROR - ⚠ No se pudieron obtener datos, el proceso se detiene.
2026-04-17 02:25:20,431 - DataCollector - ERROR - ⚠ Error al obtener los datos, código: 404
2026-04-17 02:25:20,432 - DataCollector - ERROR - ⚠ No se pudieron obtener datos, el proceso se detiene.
2026-04-18 02:08:10,280 - DataCollector - ERROR - ⚠ Error al obtener los datos, código: 404
2026-04-18 02:08:10,281 - DataCollector - ERROR - ⚠ No se pudieron obtener datos, el proceso se detiene.
2026-04-19 02:29:30,266 - DataCollector - ERROR - ⚠ Error al obtener los datos, código: 404
2026-04-19 02:29:30,267 - DataCollector - ERROR - ⚠ No se pudieron obtener datos, el proceso se detiene.
2026-04-20 02:30:05,956 - DataCollector - ERROR - ⚠ Error al obtener los datos, código: 404
2026-04-20 02:30:05,957 - DataCollector - ERROR - ⚠ No se pudieron obtener datos, el proceso se detiene.
2026-04-21 02:26:11,668 - DataCollector - ERROR - ⚠ Error al obtener los datos, código: 404
2026-04-21 02:26:11,669 - DataCollector - ERROR - ⚠ No se pudieron obtener datos, el proceso se detiene.
2026-04-22 02:24:18,771 - DataCollector - ERROR - ⚠ Error al obtener los datos, código: 404
2026-04-22 02:24:18,772 - DataCollector - ERROR - ⚠ No se pudieron obtener datos, el proceso se detiene.
2026-04-23 02:27:41,660 - DataCollector - ERROR - ⚠ Error al obtener los datos, código: 404
2026-04-23 02:27:41,661 - DataCollector - ERROR - ⚠ No se pudieron obtener datos, el proceso se detiene.
2026-04-24 02:28:28,116 - DataCollector - ERROR - ⚠ Error al obtener los datos, código: 404
2026-04-24 02:28:28,117 - DataCollector - ERROR - ⚠ No se pudieron obtener datos, el proceso se detiene.
